#
# A fatal error has been detected by the Java Runtime Environment:
#
#  EXCEPTION_ACCESS_VIOLATION (0xc0000005) at pc=0x00007ffcd3713702, pid=11228, tid=6776
#
# JRE version: Java(TM) SE Runtime Environment (9.0+11) (build 9.0.4+11)
# Java VM: Java HotSpot(TM) 64-Bit Server VM (9.0.4+11, mixed mode, tiered, compressed oops, g1 gc, windows-amd64)
# Problematic frame:
# C  [librdi_simdata.dll+0x83702]
#
# No core dump will be written. Minidumps are not enabled by default on client versions of Windows
#
# If you would like to submit a bug report, please visit:
#   http://bugreport.java.com/bugreport/crash.jsp
# The crash happened outside the Java Virtual Machine in native code.
# See problematic frame for where to report the bug.
#

---------------  S U M M A R Y ------------

Command Line: -Dsun.java2d.pmoffscreen=false -Dsun.java2d.xrender=false -Dsun.java2d.d3d=false -Dsun.awt.nopixfmt=true -Dsun.java2d.dpiaware=true -Dsun.java2d.uiScale.enabled=false -Xverify:none -Dswing.aatext=true -XX:-UsePerfData -Djdk.map.althashing.threshold=512 -XX:StringTableSize=4072 --add-opens=java.base/java.nio=ALL-UNNAMED --add-opens=java.desktop/sun.swing=ALL-UNNAMED --add-opens=java.desktop/javax.swing=ALL-UNNAMED --add-opens=java.desktop/javax.swing.tree=ALL-UNNAMED --add-opens=java.desktop/javax.swing.plaf.basic=ALL-UNNAMED --add-opens=java.desktop/javax.swing.plaf.synth=ALL-UNNAMED --add-opens=java.desktop/com.sun.awt=ALL-UNNAMED -XX:NewSize=60m -XX:MaxNewSize=60m -Xms128m -Xmx3072m -Xss5m 

Host: Intel(R) Core(TM) i5-7200U CPU @ 2.50GHz, 4 cores, 15G,  Windows 10 , 64 bit Build 19041 (10.0.19041.1348)
Time: Tue Dec 07 15:28:19 2021 Mitteleuropäische Zeit elapsed time: 13751 seconds (0d 3h 49m 11s)

---------------  T H R E A D  ---------------

Current thread (0x00000126ac3d7000):  JavaThread "AWT-EventQueue-1" [_thread_in_native, id=6776, stack(0x0000001a2d700000,0x0000001a2dc00000)]

Stack: [0x0000001a2d700000,0x0000001a2dc00000],  sp=0x0000001a2dbf48c0,  free space=5074k
Native frames: (J=compiled Java code, j=interpreted, Vv=VM code, C=native code)
C  [librdi_simdata.dll+0x83702]
C  [librdi_simdata.dll+0x7a922]
C  0x00007ffcd09eb4ae
C  0x00007ffcd09ea6a0
C  0x00007ffcd09ea753
C  0x00007ffcd09ea52e
C  0x00007ffcd09eb192
C  [librdi_simdata.dll+0x490c1]
C  [librdi_simdata.dll+0x9d47e]
C  0x000001269eb6e35a

Java frames: (J=compiled Java code, j=interpreted, Vv=VM code)
J 28335  ui.views.simulator.executive.simulationi.SimulationExecutive_getTreeWindowData(JILjava/lang/String;)Ljava/lang/String; (0 bytes) @ 0x000001269eb6e2bd [0x000001269eb6e260+0x000000000000005d]
J 28333 c1 ui.views.O.c.a.a(Lui/views/O/j/f;Z)Lui/views/waveform/executive/protobuf/WVTree$WVTreeMessage; (96 bytes) @ 0x00000126995e2fcc [0x00000126995e2e80+0x000000000000014c]
J 24032 c1 ui.views.O.i.f.load()V (107 bytes) @ 0x0000012697ea022c [0x0000012697e9fa60+0x00000000000007cc]
J 24872 c1 ui.views.O.h.e.a(Lui/frmwork/b/i;)V (175 bytes) @ 0x0000012696a8630c [0x0000012696a84940+0x00000000000019cc]
J 25216 c1 ui.frmwork.b.l.d(Lui/frmwork/b/i;)V (61 bytes) @ 0x0000012697ae6b1c [0x0000012697ae62c0+0x000000000000085c]
j  ui.frmwork.G.i(JZ)V+344
J 28357 c1 ui.frmwork.G.fireTclEvent(J)I (113 bytes) @ 0x00000126995f41fc [0x00000126995f3a20+0x00000000000007dc]
v  ~StubRoutines::call_stub
j  ui.views.simulator.executive.simulationi.SimulationExecutive_setTreeWindowTreeHeight(JII)V+0
j  ui.views.O.c.a.b(Lui/views/O/j/f;I)V+17
j  ui.views.O.i.f.gzG()V+69
j  ui.views.O.i.i.componentResized(Ljava/awt/event/ComponentEvent;)V+4
J 23895 c2 java.awt.Component.processComponentEvent(Ljava/awt/event/ComponentEvent;)V java.desktop@9.0.4 (82 bytes) @ 0x000001269e41c60c [0x000001269e41c5a0+0x000000000000006c]
J 13354 c2 java.awt.Container.processEvent(Ljava/awt/AWTEvent;)V java.desktop@9.0.4 (22 bytes) @ 0x000001269e46d468 [0x000001269e46d2a0+0x00000000000001c8]
J 28188 c1 java.awt.Component.dispatchEventImpl(Ljava/awt/AWTEvent;)V java.desktop@9.0.4 (739 bytes) @ 0x000001269937d1d4 [0x00000126993793c0+0x0000000000003e14]
J 27557 c2 java.awt.Container.dispatchEventImpl(Ljava/awt/AWTEvent;)V java.desktop@9.0.4 (129 bytes) @ 0x000001269e2f9078 [0x000001269e2f8c20+0x0000000000000458]
J 12522 c2 java.awt.EventQueue$3.run()Ljava/lang/Object; java.desktop@9.0.4 (5 bytes) @ 0x000001269dcfdcd4 [0x000001269dcfdb20+0x00000000000001b4]
v  ~StubRoutines::call_stub
J 3761  java.security.AccessController.doPrivileged(Ljava/security/PrivilegedAction;Ljava/security/AccessControlContext;)Ljava/lang/Object; java.base@9.0.4 (0 bytes) @ 0x000001269dd11a46 [0x000001269dd119e0+0x0000000000000066]
J 18830 c2 java.awt.EventQueue$4.run()Ljava/lang/Object; java.desktop@9.0.4 (5 bytes) @ 0x000001269ebd2cc0 [0x000001269ebd2a60+0x0000000000000260]
v  ~StubRoutines::call_stub
J 3761  java.security.AccessController.doPrivileged(Ljava/security/PrivilegedAction;Ljava/security/AccessControlContext;)Ljava/lang/Object; java.base@9.0.4 (0 bytes) @ 0x000001269dd11a46 [0x000001269dd119e0+0x0000000000000066]
J 12495 c2 ui.frmwork.b.d.dispatchEvent(Ljava/awt/AWTEvent;)V (34 bytes) @ 0x000001269dd2ab34 [0x000001269dd2a500+0x0000000000000634]
J 24585 c2 java.awt.EventDispatchThread.pumpOneEventForFilters(I)V java.desktop@9.0.4 (218 bytes) @ 0x000001269f3261d4 [0x000001269f325ea0+0x0000000000000334]
J 23644 c2 java.awt.EventDispatchThread.pumpEventsForFilter(ILjava/awt/Conditional;Ljava/awt/EventFilter;)V java.desktop@9.0.4 (47 bytes) @ 0x000001269f176148 [0x000001269f175f60+0x00000000000001e8]
j  java.awt.EventDispatchThread.pumpEventsForFilter(Ljava/awt/Conditional;Ljava/awt/EventFilter;)V+4 java.desktop@9.0.4
j  java.awt.WaitDispatchSupport$2.run()V+59 java.desktop@9.0.4
j  java.awt.WaitDispatchSupport$4.run()Ljava/lang/Void;+4 java.desktop@9.0.4
j  java.awt.WaitDispatchSupport$4.run()Ljava/lang/Object;+1 java.desktop@9.0.4
v  ~StubRoutines::call_stub
J 1024  java.security.AccessController.doPrivileged(Ljava/security/PrivilegedAction;)Ljava/lang/Object; java.base@9.0.4 (0 bytes) @ 0x000001269db87432 [0x000001269db873e0+0x0000000000000052]
j  java.awt.WaitDispatchSupport.enter()Z+260 java.desktop@9.0.4
j  java.awt.Dialog.show()V+225 java.desktop@9.0.4
J 27943 c1 java.awt.Window.setVisible(Z)V java.desktop@9.0.4 (6 bytes) @ 0x0000012698726104 [0x0000012698725ee0+0x0000000000000224]
j  java.awt.Dialog.setVisible(Z)V+2 java.desktop@9.0.4
j  ui.b.c.g.setVisible(Z)V+2
j  ui.b.c.bB.showDialog()V+64
j  ui.b.c.bI.actionPerformed(Ljava/awt/event/ActionEvent;)V+8
j  ui.b.c.bB.cSz()V+396
j  ui.views.c.t.b.a.run()V+60
j  ui.frmwork.a.epE()Z+66
j  ui.frmwork.Y.erq()V+42
j  ui.bm.actionPerformed(Ljava/awt/event/ActionEvent;)V+25
j  javax.swing.AbstractButton.fireActionPerformed(Ljava/awt/event/ActionEvent;)V+84 java.desktop@9.0.4
j  ui.utils.p.b.E.fireActionPerformed(Ljava/awt/event/ActionEvent;)V+7
j  javax.swing.AbstractButton$Handler.actionPerformed(Ljava/awt/event/ActionEvent;)V+5 java.desktop@9.0.4
j  javax.swing.DefaultButtonModel.fireActionPerformed(Ljava/awt/event/ActionEvent;)V+34 java.desktop@9.0.4
J 24622 c1 javax.swing.DefaultButtonModel.setPressed(Z)V java.desktop@9.0.4 (125 bytes) @ 0x0000012697165444 [0x0000012697164580+0x0000000000000ec4]
j  javax.swing.plaf.basic.BasicButtonListener.mouseReleased(Ljava/awt/event/MouseEvent;)V+35 java.desktop@9.0.4
j  com.jidesoft.plaf.basic.BasicJideButtonListener.mouseReleased(Ljava/awt/event/MouseEvent;)V+61
J 20196 c1 java.awt.AWTEventMulticaster.mouseReleased(Ljava/awt/event/MouseEvent;)V java.desktop@9.0.4 (27 bytes) @ 0x0000012699020b0c [0x0000012699020900+0x000000000000020c]
J 20196 c1 java.awt.AWTEventMulticaster.mouseReleased(Ljava/awt/event/MouseEvent;)V java.desktop@9.0.4 (27 bytes) @ 0x0000012699020b0c [0x0000012699020900+0x000000000000020c]
J 20196 c1 java.awt.AWTEventMulticaster.mouseReleased(Ljava/awt/event/MouseEvent;)V java.desktop@9.0.4 (27 bytes) @ 0x0000012699020b0c [0x0000012699020900+0x000000000000020c]
J 20196 c1 java.awt.AWTEventMulticaster.mouseReleased(Ljava/awt/event/MouseEvent;)V java.desktop@9.0.4 (27 bytes) @ 0x0000012699020b0c [0x0000012699020900+0x000000000000020c]
J 27894 c1 java.awt.Component.processMouseEvent(Ljava/awt/event/MouseEvent;)V java.desktop@9.0.4 (100 bytes) @ 0x00000126986705b4 [0x0000012698670220+0x0000000000000394]
J 27826 c1 javax.swing.JComponent.processMouseEvent(Ljava/awt/event/MouseEvent;)V java.desktop@9.0.4 (27 bytes) @ 0x00000126982617ec [0x00000126982615e0+0x000000000000020c]
J 13354 c2 java.awt.Container.processEvent(Ljava/awt/AWTEvent;)V java.desktop@9.0.4 (22 bytes) @ 0x000001269e46d3c0 [0x000001269e46d2a0+0x0000000000000120]
J 28188 c1 java.awt.Component.dispatchEventImpl(Ljava/awt/AWTEvent;)V java.desktop@9.0.4 (739 bytes) @ 0x000001269937d1d4 [0x00000126993793c0+0x0000000000003e14]
J 27557 c2 java.awt.Container.dispatchEventImpl(Ljava/awt/AWTEvent;)V java.desktop@9.0.4 (129 bytes) @ 0x000001269e2f9078 [0x000001269e2f8c20+0x0000000000000458]
J 20079 c2 java.awt.LightweightDispatcher.retargetMouseEvent(Ljava/awt/Component;ILjava/awt/event/MouseEvent;)V java.desktop@9.0.4 (350 bytes) @ 0x000001269edd72f0 [0x000001269edd6ee0+0x0000000000000410]
J 24179 c2 java.awt.LightweightDispatcher.processMouseEvent(Ljava/awt/event/MouseEvent;)Z java.desktop@9.0.4 (265 bytes) @ 0x000001269f25ff8c [0x000001269f25fa00+0x000000000000058c]
J 27557 c2 java.awt.Container.dispatchEventImpl(Ljava/awt/AWTEvent;)V java.desktop@9.0.4 (129 bytes) @ 0x000001269e2f92ac [0x000001269e2f8c20+0x000000000000068c]
J 19701 c2 java.awt.Window.dispatchEventImpl(Ljava/awt/AWTEvent;)V java.desktop@9.0.4 (23 bytes) @ 0x000001269ed17b8c [0x000001269ed17b40+0x000000000000004c]
J 12522 c2 java.awt.EventQueue$3.run()Ljava/lang/Object; java.desktop@9.0.4 (5 bytes) @ 0x000001269dcfdcd4 [0x000001269dcfdb20+0x00000000000001b4]
v  ~StubRoutines::call_stub
J 3761  java.security.AccessController.doPrivileged(Ljava/security/PrivilegedAction;Ljava/security/AccessControlContext;)Ljava/lang/Object; java.base@9.0.4 (0 bytes) @ 0x000001269dd11a46 [0x000001269dd119e0+0x0000000000000066]
J 18830 c2 java.awt.EventQueue$4.run()Ljava/lang/Object; java.desktop@9.0.4 (5 bytes) @ 0x000001269ebd2cc0 [0x000001269ebd2a60+0x0000000000000260]
v  ~StubRoutines::call_stub
J 3761  java.security.AccessController.doPrivileged(Ljava/security/PrivilegedAction;Ljava/security/AccessControlContext;)Ljava/lang/Object; java.base@9.0.4 (0 bytes) @ 0x000001269dd11a46 [0x000001269dd119e0+0x0000000000000066]
J 12495 c2 ui.frmwork.b.d.dispatchEvent(Ljava/awt/AWTEvent;)V (34 bytes) @ 0x000001269dd2ab34 [0x000001269dd2a500+0x0000000000000634]
J 24585 c2 java.awt.EventDispatchThread.pumpOneEventForFilters(I)V java.desktop@9.0.4 (218 bytes) @ 0x000001269f3261d4 [0x000001269f325ea0+0x0000000000000334]
J 12911% c2 java.awt.EventDispatchThread.pumpEventsForFilter(ILjava/awt/Conditional;Ljava/awt/EventFilter;)V java.desktop@9.0.4 (47 bytes) @ 0x000001269dec2fc0 [0x000001269dec2ec0+0x0000000000000100]
j  java.awt.EventDispatchThread.pumpEventsForHierarchy(ILjava/awt/Conditional;Ljava/awt/Component;)V+11 java.desktop@9.0.4
j  java.awt.EventDispatchThread.pumpEvents(ILjava/awt/Conditional;)V+4 java.desktop@9.0.4
j  java.awt.EventDispatchThread.pumpEvents(Ljava/awt/Conditional;)V+3 java.desktop@9.0.4
j  java.awt.EventDispatchThread.run()V+9 java.desktop@9.0.4
v  ~StubRoutines::call_stub

siginfo: EXCEPTION_ACCESS_VIOLATION (0xc0000005), reading address 0x0000000000000008


Register to memory mapping:

RIP=0x00007ffcd3713702 librdi_simdata.dll
RAX=0x0000000000000000 is an unknown value
RBX=0x00000126cf84e5e0 is an unknown value
RCX=0x00000126cf84e600 is an unknown value
RDX=0x0000000000000000 is an unknown value
RSP=0x0000001a2dbf48c0 is pointing into the stack for thread: 0x00000126ac3d7000
RBP=0x0000001a2dbf49e0 is pointing into the stack for thread: 0x00000126ac3d7000
RSI=0x0000001a2dbf4b20 is pointing into the stack for thread: 0x00000126ac3d7000
RDI=0x0000001a2dbf4c88 is pointing into the stack for thread: 0x00000126ac3d7000
R8 =0x0000000000000252 is an unknown value
R9 =0x0000000000000040 is an unknown value
R10=0x0000000000000240 is an unknown value
R11=0x8000000084400000 is an unknown value
R12=0x0000001a2dbf4db0 is pointing into the stack for thread: 0x00000126ac3d7000
R13=0x0000000000000000 is an unknown value
R14=0x0000001a2dbf4c88 is pointing into the stack for thread: 0x00000126ac3d7000
R15=0x000000000000023d is an unknown value


Registers:
RAX=0x0000000000000000, RBX=0x00000126cf84e5e0, RCX=0x00000126cf84e600, RDX=0x0000000000000000
RSP=0x0000001a2dbf48c0, RBP=0x0000001a2dbf49e0, RSI=0x0000001a2dbf4b20, RDI=0x0000001a2dbf4c88
R8 =0x0000000000000252, R9 =0x0000000000000040, R10=0x0000000000000240, R11=0x8000000084400000
R12=0x0000001a2dbf4db0, R13=0x0000000000000000, R14=0x0000001a2dbf4c88, R15=0x000000000000023d
RIP=0x00007ffcd3713702, EFLAGS=0x0000000000010202

Top of Stack: (sp=0x0000001a2dbf48c0)
0x0000001a2dbf48c0:   0000001a2dbf4c88 00007ffcd37df345
0x0000001a2dbf48d0:   0000000000000038 0000001a2dbf4c88
0x0000001a2dbf48e0:   fffffffffffffffe 0000001a2dbf4b20
0x0000001a2dbf48f0:   0000000000000000 00007ffcd370a922
0x0000001a2dbf4900:   00000126cf84e5e0 0000000000000000
0x0000001a2dbf4910:   0000001a2dbf4b20 00007ffcd3713a14
0x0000001a2dbf4920:   0000000000000000 0000001a2dbf4db0
0x0000001a2dbf4930:   fffffffffffffffe 00007ffd724547b1
0x0000001a2dbf4940:   00000126aee9bd20 00007ffcd09eb4ae
0x0000001a2dbf4950:   00000126cf84e560 00000126cf84e5e0
0x0000001a2dbf4960:   00000126b281def0 0000000000000000
0x0000001a2dbf4970:   0000000000000000 00007ffcd09ea6a0
0x0000001a2dbf4980:   0000001a2dbf4b20 0000000000000001
0x0000001a2dbf4990:   00000126cf84e560 00007ffcd3713727
0x0000001a2dbf49a0:   00000126cf84e580 00000126cf84e560
0x0000001a2dbf49b0:   0000000000000000 0000001a2dbf4c88 

Instructions: (pc=0x00007ffcd3713702)
0x00007ffcd37136e2:   48 89 41 08 48 89 41 10 48 89 41 18 48 83 c1 20
0x00007ffcd37136f2:   48 89 01 48 89 41 08 48 89 41 10 48 3b da 74 26
0x00007ffcd3713702:   48 8b 42 08 48 89 43 08 8b 42 10 89 43 10 8b 42
0x00007ffcd3713712:   14 89 43 14 48 8b 42 18 48 89 43 18 48 83 c2 20 



---------------  P R O C E S S  ---------------

Java Threads: ( => current thread )
  0x00000126f6c50000 JavaThread "Relaunch Simulation Thread" [_thread_blocked, id=14360, stack(0x0000001a31600000,0x0000001a31b00000)]
  0x00000126f6c52000 JavaThread "Image Fetcher 0" daemon [_thread_blocked, id=15372, stack(0x0000001a30c00000,0x0000001a31100000)]
  0x00000126f6c53000 JavaThread "SyntheticaAnimation 50" daemon [_thread_blocked, id=14392, stack(0x0000001a30200000,0x0000001a30700000)]
  0x00000126ae859800 JavaThread "ForkJoinPool.commonPool-worker-1" daemon [_thread_blocked, id=17008, stack(0x0000001a31b00000,0x0000001a32000000)]
  0x00000126ae859000 JavaThread "SyntheticaAnimation 50" daemon [_thread_blocked, id=3284, stack(0x0000001a32000000,0x0000001a32500000)]
  0x00000126ae857800 JavaThread "Image Animator 2" daemon [_thread_blocked, id=7708, stack(0x0000001a30700000,0x0000001a30c00000)]
  0x00000126ae852000 JavaThread "Update Runs Swing Worker Thread" [_thread_blocked, id=7316, stack(0x0000001a31100000,0x0000001a31600000)]
  0x00000126ae856800 JavaThread "hw_ila_monitor" [_thread_blocked, id=9448, stack(0x0000001a2eb00000,0x0000001a2f000000)]
  0x00000126840fd000 JavaThread "Refresh Filesets Swing Worker Thread" [_thread_blocked, id=15404, stack(0x0000001a2e100000,0x0000001a2e600000)]
  0x00000126840fc000 JavaThread "SyntheticaAnimation 70" daemon [_thread_blocked, id=15664, stack(0x0000001a2dc00000,0x0000001a2e100000)]
  0x00000126840f8800 JavaThread "SyntheticaAnimation 25" daemon [_thread_blocked, id=17304, stack(0x0000001a2fd00000,0x0000001a30200000)]
  0x00000126840f9000 JavaThread "SyntheticaAnimation 50" daemon [_thread_blocked, id=3676, stack(0x0000001a2f800000,0x0000001a2fd00000)]
  0x00000126840fe800 JavaThread "Monitor HEventQueue Thread" [_thread_blocked, id=16460, stack(0x0000001a2f300000,0x0000001a2f800000)]
  0x00000126840f7800 JavaThread "SyntheticaCleanerThread" daemon [_thread_blocked, id=9464, stack(0x0000001a2e600000,0x0000001a2eb00000)]
  0x00000126840fa800 JavaThread "Batik CleanerThread" daemon [_thread_blocked, id=4908, stack(0x0000001a2b900000,0x0000001a2be00000)]
=>0x00000126ac3d7000 JavaThread "AWT-EventQueue-1" [_thread_in_native, id=6776, stack(0x0000001a2d700000,0x0000001a2dc00000)]
  0x00000126ac995000 JavaThread "AWT-Shutdown" [_thread_blocked, id=11260, stack(0x0000001a2d200000,0x0000001a2d700000)]
  0x00000126aade3800 JavaThread "Process Messages Thread" [_thread_blocked, id=9224, stack(0x0000001a2cd00000,0x0000001a2d200000)]
  0x00000126ac084000 JavaThread "Thread-1" [_thread_in_native, id=7672, stack(0x0000001a26a00000,0x0000001a27e00000)]
  0x00000126ac102000 JavaThread "TimerQueue" daemon [_thread_blocked, id=7868, stack(0x0000001a2c300000,0x0000001a2c800000)]
  0x00000126aa230000 JavaThread "AWT-Windows" daemon [_thread_in_native, id=6848, stack(0x0000001a2be00000,0x0000001a2c300000)]
  0x00000126aa6a5800 JavaThread "Java2D Disposer" daemon [_thread_blocked, id=16012, stack(0x0000001a2b400000,0x0000001a2b900000)]
  0x00000126aa2b6800 JavaThread "Service Thread" daemon [_thread_blocked, id=4636, stack(0x0000001a2ae00000,0x0000001a2b300000)]
  0x000001268dd26000 JavaThread "Common-Cleaner" daemon [_thread_blocked, id=7676, stack(0x0000001a2a900000,0x0000001a2ae00000)]
  0x00000126840fa000 JavaThread "Sweeper thread" daemon [_thread_blocked, id=4316, stack(0x0000001a2a400000,0x0000001a2a900000)]
  0x000001268de6a800 JavaThread "C1 CompilerThread2" daemon [_thread_blocked, id=10684, stack(0x0000001a2a300000,0x0000001a2a400000)]
  0x000001268de69800 JavaThread "C2 CompilerThread1" daemon [_thread_blocked, id=13816, stack(0x0000001a2a200000,0x0000001a2a300000)]
  0x000001268de65000 JavaThread "C2 CompilerThread0" daemon [_thread_blocked, id=14084, stack(0x0000001a2a100000,0x0000001a2a200000)]
  0x000001268de64000 JavaThread "Attach Listener" daemon [_thread_blocked, id=10152, stack(0x0000001a29c00000,0x0000001a2a100000)]
  0x000001268de63800 JavaThread "Signal Dispatcher" daemon [_thread_blocked, id=16124, stack(0x0000001a29700000,0x0000001a29c00000)]
  0x000001268de59000 JavaThread "Finalizer" daemon [_thread_blocked, id=740, stack(0x0000001a29200000,0x0000001a29700000)]
  0x000001268f4a4000 JavaThread "Reference Handler" daemon [_thread_blocked, id=5060, stack(0x0000001a28d00000,0x0000001a29200000)]
  0x000001268e293800 JavaThread "main" [_thread_blocked, id=12328, stack(0x0000001a26900000,0x0000001a26a00000)]

Other Threads:
  0x000001268e078000 VMThread "VM Thread" [stack: 0x0000001a28c00000,0x0000001a28d00000] [id=14496]
  0x000001268dd6c000 WatcherThread [stack: 0x0000001a2b300000,0x0000001a2b400000] [id=7048]
  0x000001268f39f000 GCTaskThread "GC Thread#0" [stack: 0x0000001a28100000,0x0000001a28200000] [id=9944]
  0x000001268e433000 GCTaskThread "GC Thread#1" [stack: 0x0000001a28200000,0x0000001a28300000] [id=2648]
  0x000001268408b000 GCTaskThread "GC Thread#2" [stack: 0x0000001a28300000,0x0000001a28400000] [id=15468]
  0x000001268408b800 GCTaskThread "GC Thread#3" [stack: 0x0000001a28400000,0x0000001a28500000] [id=8516]
  0x000001268f406800 ConcurrentGCThread "G1 Main Marker" [stack: 0x0000001a28a00000,0x0000001a28b00000] [id=12224]
  0x0000012683e19000 ConcurrentGCThread "G1 Marker#0" [stack: 0x0000001a28b00000,0x0000001a28c00000] [id=16500]
  0x000001268d777800 ConcurrentGCThread "G1 Refine#0" [stack: 0x0000001a28800000,0x0000001a28900000] [id=1708]
  0x000001268dcc9800 ConcurrentGCThread "G1 Refine#1" [stack: 0x0000001a28700000,0x0000001a28800000] [id=5508]
  0x000001268dcc8800 ConcurrentGCThread "G1 Refine#2" [stack: 0x0000001a28600000,0x0000001a28700000] [id=16404]
  0x0000012684518800 ConcurrentGCThread "G1 Refine#3" [stack: 0x0000001a28500000,0x0000001a28600000] [id=10700]
  0x000001268411d800 ConcurrentGCThread "G1 Young RemSet Sampling" [stack: 0x0000001a28900000,0x0000001a28a00000] [id=14236]

Threads with active compile tasks:

VM state:not at safepoint (normal execution)

VM Mutex/Monitor currently owned by a thread: None

Heap address: 0x0000000700000000, size: 3072 MB, Compressed Oops mode: Zero based, Oop shift amount: 3
Narrow klass base: 0x0000000000000000, Narrow klass shift: 3
Compressed class space size: 1073741824 Address: 0x00000007c0000000

Heap:
 garbage-first heap   total 299008K, used 91424K [0x0000000700000000, 0x0000000700100920, 0x00000007c0000000)
  region size 1024K, 3 young (3072K), 1 survivors (1024K)
 Metaspace       used 99215K, capacity 102801K, committed 105212K, reserved 1140736K
  class space    used 13593K, capacity 14259K, committed 14844K, reserved 1048576K
Heap Regions: E=young(eden), S=young(survivor), O=old, HS=humongous(starts), HC=humongous(continues), CS=collection set, F=free, A=archive, TS=gc time stamp, AC=allocation context, TAMS=top-at-mark-start (previous, next)
|   0|0x0000000700000000, 0x00000007000fb090, 0x0000000700100000| 98%| O|  |TS  0|AC  0|TAMS 0x0000000700000000, 0x0000000700000000|
|   1|0x0000000700100000, 0x00000007001ffff0, 0x0000000700200000| 99%| O|  |TS  0|AC  0|TAMS 0x0000000700100000, 0x0000000700100000|
|   2|0x0000000700200000, 0x00000007002fd4b0, 0x0000000700300000| 98%| O|  |TS  0|AC  0|TAMS 0x0000000700200000, 0x0000000700200000|
|   3|0x0000000700300000, 0x00000007003d6f90, 0x0000000700400000| 83%| O|  |TS  0|AC  0|TAMS 0x0000000700300000, 0x0000000700300000|
|   4|0x0000000700400000, 0x0000000700500000, 0x0000000700500000|100%|HS|  |TS  0|AC  0|TAMS 0x0000000700400000, 0x0000000700400000|
|   5|0x0000000700500000, 0x0000000700600000, 0x0000000700600000|100%|HC|  |TS  0|AC  0|TAMS 0x0000000700500000, 0x0000000700500000|
|   6|0x0000000700600000, 0x0000000700700000, 0x0000000700700000|100%|HS|  |TS  0|AC  0|TAMS 0x0000000700600000, 0x0000000700600000|
|   7|0x0000000700700000, 0x00000007007f7bf0, 0x0000000700800000| 96%| O|  |TS  0|AC  0|TAMS 0x0000000700700000, 0x0000000700700000|
|   8|0x0000000700800000, 0x00000007008dc478, 0x0000000700900000| 86%| O|  |TS  0|AC  0|TAMS 0x0000000700800000, 0x0000000700800000|
|   9|0x0000000700900000, 0x00000007009ffff8, 0x0000000700a00000| 99%| O|  |TS  0|AC  0|TAMS 0x0000000700900000, 0x0000000700900000|
|  10|0x0000000700a00000, 0x0000000700afffe8, 0x0000000700b00000| 99%| O|  |TS  0|AC  0|TAMS 0x0000000700a00000, 0x0000000700a00000|
|  11|0x0000000700b00000, 0x0000000700bfffd8, 0x0000000700c00000| 99%| O|  |TS  0|AC  0|TAMS 0x0000000700b00000, 0x0000000700b00000|
|  12|0x0000000700c00000, 0x0000000700cffff0, 0x0000000700d00000| 99%| O|  |TS  0|AC  0|TAMS 0x0000000700c00000, 0x0000000700c00000|
|  13|0x0000000700d00000, 0x0000000700ddb398, 0x0000000700e00000| 85%| O|  |TS  0|AC  0|TAMS 0x0000000700d00000, 0x0000000700d00000|
|  14|0x0000000700e00000, 0x0000000700ef7c78, 0x0000000700f00000| 96%| O|  |TS  0|AC  0|TAMS 0x0000000700e00000, 0x0000000700e00000|
|  15|0x0000000700f00000, 0x0000000700fd6220, 0x0000000701000000| 83%| O|  |TS  0|AC  0|TAMS 0x0000000700f00000, 0x0000000700f00000|
|  16|0x0000000701000000, 0x00000007010fffc8, 0x0000000701100000| 99%| O|  |TS  0|AC  0|TAMS 0x0000000701000000, 0x0000000701000000|
|  17|0x0000000701100000, 0x00000007011faee8, 0x0000000701200000| 98%| O|  |TS  0|AC  0|TAMS 0x0000000701100000, 0x0000000701100000|
|  18|0x0000000701200000, 0x00000007012ffff8, 0x0000000701300000| 99%| O|  |TS  0|AC  0|TAMS 0x0000000701200000, 0x0000000701200000|
|  19|0x0000000701300000, 0x00000007013fff98, 0x0000000701400000| 99%| O|  |TS  0|AC  0|TAMS 0x0000000701300000, 0x0000000701300000|
|  20|0x0000000701400000, 0x00000007014ffd68, 0x0000000701500000| 99%| O|  |TS  0|AC  0|TAMS 0x0000000701400000, 0x0000000701400000|
|  21|0x0000000701500000, 0x0000000701600000, 0x0000000701600000|100%|HS|  |TS  0|AC  0|TAMS 0x0000000701500000, 0x0000000701500000|
|  22|0x0000000701600000, 0x00000007016fffe8, 0x0000000701700000| 99%| O|  |TS  0|AC  0|TAMS 0x0000000701600000, 0x0000000701600000|
|  23|0x0000000701700000, 0x00000007017ffff8, 0x0000000701800000| 99%| O|  |TS  0|AC  0|TAMS 0x0000000701700000, 0x0000000701700000|
|  24|0x0000000701800000, 0x00000007018ffff0, 0x0000000701900000| 99%| O|  |TS  0|AC  0|TAMS 0x0000000701800000, 0x0000000701800000|
|  25|0x0000000701900000, 0x00000007019fffe0, 0x0000000701a00000| 99%| O|  |TS  0|AC  0|TAMS 0x0000000701900000, 0x0000000701900000|
|  26|0x0000000701a00000, 0x0000000701afffe0, 0x0000000701b00000| 99%| O|  |TS  0|AC  0|TAMS 0x0000000701a00000, 0x0000000701a00000|
|  27|0x0000000701b00000, 0x0000000701c00000, 0x0000000701c00000|100%| O|  |TS  0|AC  0|TAMS 0x0000000701b00000, 0x0000000701b00000|
|  28|0x0000000701c00000, 0x0000000701cffff0, 0x0000000701d00000| 99%| O|  |TS  0|AC  0|TAMS 0x0000000701c00000, 0x0000000701c00000|
|  29|0x0000000701d00000, 0x0000000701dfffe0, 0x0000000701e00000| 99%| O|  |TS  0|AC  0|TAMS 0x0000000701d00000, 0x0000000701d00000|
|  30|0x0000000701e00000, 0x0000000701efffe0, 0x0000000701f00000| 99%| O|  |TS  0|AC  0|TAMS 0x0000000701e00000, 0x0000000701e00000|
|  31|0x0000000701f00000, 0x0000000702000000, 0x0000000702000000|100%| O|  |TS  0|AC  0|TAMS 0x0000000701f00000, 0x0000000701f00000|
|  32|0x0000000702000000, 0x00000007020b11c8, 0x0000000702100000| 69%| O|  |TS  0|AC  0|TAMS 0x0000000702000000, 0x0000000702000000|
|  33|0x0000000702100000, 0x00000007021c1b88, 0x0000000702200000| 75%| O|  |TS  0|AC  0|TAMS 0x0000000702100000, 0x0000000702100000|
|  34|0x0000000702200000, 0x00000007022ffff0, 0x0000000702300000| 99%| O|  |TS  0|AC  0|TAMS 0x0000000702200000, 0x0000000702200000|
|  35|0x0000000702300000, 0x00000007023fffc0, 0x0000000702400000| 99%| O|  |TS  0|AC  0|TAMS 0x0000000702300000, 0x0000000702300000|
|  36|0x0000000702400000, 0x00000007024ffff8, 0x0000000702500000| 99%| O|  |TS  0|AC  0|TAMS 0x0000000702400000, 0x0000000702400000|
|  37|0x0000000702500000, 0x0000000702600000, 0x0000000702600000|100%| O|  |TS  0|AC  0|TAMS 0x0000000702500000, 0x0000000702500000|
|  38|0x0000000702600000, 0x00000007026ffff8, 0x0000000702700000| 99%| O|  |TS  0|AC  0|TAMS 0x0000000702600000, 0x0000000702600000|
|  39|0x0000000702700000, 0x00000007027ffb68, 0x0000000702800000| 99%| O|  |TS  0|AC  0|TAMS 0x0000000702700000, 0x0000000702700000|
|  40|0x0000000702800000, 0x00000007028ff368, 0x0000000702900000| 99%| O|  |TS  0|AC  0|TAMS 0x0000000702800000, 0x0000000702800000|
|  41|0x0000000702900000, 0x00000007029fffe0, 0x0000000702a00000| 99%| O|  |TS  0|AC  0|TAMS 0x0000000702900000, 0x0000000702900000|
|  42|0x0000000702a00000, 0x0000000702afffd8, 0x0000000702b00000| 99%| O|  |TS  0|AC  0|TAMS 0x0000000702a00000, 0x0000000702a00000|
|  43|0x0000000702b00000, 0x0000000702bfffd0, 0x0000000702c00000| 99%| O|  |TS  0|AC  0|TAMS 0x0000000702b00000, 0x0000000702b00000|
|  44|0x0000000702c00000, 0x0000000702cffff8, 0x0000000702d00000| 99%| O|  |TS  0|AC  0|TAMS 0x0000000702c00000, 0x0000000702c00000|
|  45|0x0000000702d00000, 0x0000000702e00000, 0x0000000702e00000|100%|HS|  |TS  0|AC  0|TAMS 0x0000000702d00000, 0x0000000702d00000|
|  46|0x0000000702e00000, 0x0000000702f00000, 0x0000000702f00000|100%|HC|  |TS  0|AC  0|TAMS 0x0000000702e00000, 0x0000000702e00000|
|  47|0x0000000702f00000, 0x0000000703000000, 0x0000000703000000|100%|HC|  |TS  0|AC  0|TAMS 0x0000000702f00000, 0x0000000702f00000|
|  48|0x0000000703000000, 0x0000000703100000, 0x0000000703100000|100%|HC|  |TS  0|AC  0|TAMS 0x0000000703000000, 0x0000000703000000|
|  49|0x0000000703100000, 0x0000000703200000, 0x0000000703200000|100%|HC|  |TS  0|AC  0|TAMS 0x0000000703100000, 0x0000000703100000|
|  50|0x0000000703200000, 0x0000000703300000, 0x0000000703300000|100%|HC|  |TS  0|AC  0|TAMS 0x0000000703200000, 0x0000000703200000|
|  51|0x0000000703300000, 0x0000000703400000, 0x0000000703400000|100%|HC|  |TS  0|AC  0|TAMS 0x0000000703300000, 0x0000000703300000|
|  52|0x0000000703400000, 0x0000000703500000, 0x0000000703500000|100%|HC|  |TS  0|AC  0|TAMS 0x0000000703400000, 0x0000000703400000|
|  53|0x0000000703500000, 0x00000007035fdf98, 0x0000000703600000| 99%| O|  |TS  0|AC  0|TAMS 0x0000000703500000, 0x0000000703500000|
|  54|0x0000000703600000, 0x00000007036ffff8, 0x0000000703700000| 99%| O|  |TS  0|AC  0|TAMS 0x0000000703600000, 0x0000000703600000|
|  55|0x0000000703700000, 0x00000007037ffff0, 0x0000000703800000| 99%| O|  |TS  0|AC  0|TAMS 0x0000000703700000, 0x0000000703700000|
|  56|0x0000000703800000, 0x00000007038ffff0, 0x0000000703900000| 99%| O|  |TS  0|AC  0|TAMS 0x0000000703800000, 0x0000000703800000|
|  57|0x0000000703900000, 0x0000000703a00000, 0x0000000703a00000|100%|HS|  |TS  0|AC  0|TAMS 0x0000000703900000, 0x0000000703900000|
|  58|0x0000000703a00000, 0x0000000703b00000, 0x0000000703b00000|100%|HC|  |TS  0|AC  0|TAMS 0x0000000703a00000, 0x0000000703a00000|
|  59|0x0000000703b00000, 0x0000000703c00000, 0x0000000703c00000|100%|HC|  |TS  0|AC  0|TAMS 0x0000000703b00000, 0x0000000703b00000|
|  60|0x0000000703c00000, 0x0000000703d00000, 0x0000000703d00000|100%|HC|  |TS  0|AC  0|TAMS 0x0000000703c00000, 0x0000000703c00000|
|  61|0x0000000703d00000, 0x0000000703e00000, 0x0000000703e00000|100%|HC|  |TS  0|AC  0|TAMS 0x0000000703d00000, 0x0000000703d00000|
|  62|0x0000000703e00000, 0x0000000703f00000, 0x0000000703f00000|100%|HC|  |TS  0|AC  0|TAMS 0x0000000703e00000, 0x0000000703e00000|
|  63|0x0000000703f00000, 0x0000000704000000, 0x0000000704000000|100%|HC|  |TS  0|AC  0|TAMS 0x0000000703f00000, 0x0000000703f00000|
|  64|0x0000000704000000, 0x0000000704100000, 0x0000000704100000|100%|HC|  |TS  0|AC  0|TAMS 0x0000000704000000, 0x0000000704000000|
|  65|0x0000000704100000, 0x0000000704200000, 0x0000000704200000|100%|HC|  |TS  0|AC  0|TAMS 0x0000000704100000, 0x0000000704100000|
|  66|0x0000000704200000, 0x0000000704300000, 0x0000000704300000|100%|HC|  |TS  0|AC  0|TAMS 0x0000000704200000, 0x0000000704200000|
|  67|0x0000000704300000, 0x0000000704400000, 0x0000000704400000|100%|HC|  |TS  0|AC  0|TAMS 0x0000000704300000, 0x0000000704300000|
|  68|0x0000000704400000, 0x0000000704500000, 0x0000000704500000|100%|HC|  |TS  0|AC  0|TAMS 0x0000000704400000, 0x0000000704400000|
|  69|0x0000000704500000, 0x0000000704600000, 0x0000000704600000|100%| O|  |TS  0|AC  0|TAMS 0x0000000704500000, 0x0000000704500000|
|  70|0x0000000704600000, 0x00000007046ffef8, 0x0000000704700000| 99%| O|  |TS  0|AC  0|TAMS 0x0000000704600000, 0x0000000704600000|
|  71|0x0000000704700000, 0x00000007047ffe58, 0x0000000704800000| 99%| O|  |TS  0|AC  0|TAMS 0x0000000704700000, 0x0000000704700000|
|  72|0x0000000704800000, 0x00000007048fffe0, 0x0000000704900000| 99%| O|  |TS  0|AC  0|TAMS 0x0000000704800000, 0x0000000704800000|
|  73|0x0000000704900000, 0x0000000704a00000, 0x0000000704a00000|100%| O|  |TS  0|AC  0|TAMS 0x0000000704900000, 0x0000000704900000|
|  74|0x0000000704a00000, 0x0000000704afffc0, 0x0000000704b00000| 99%| O|  |TS  0|AC  0|TAMS 0x0000000704a00000, 0x0000000704a00000|
|  75|0x0000000704b00000, 0x0000000704bffcd0, 0x0000000704c00000| 99%| O|  |TS  0|AC  0|TAMS 0x0000000704b00000, 0x0000000704b00000|
|  76|0x0000000704c00000, 0x0000000704cffff8, 0x0000000704d00000| 99%| O|  |TS  0|AC  0|TAMS 0x0000000704c00000, 0x0000000704c00000|
|  77|0x0000000704d00000, 0x0000000704dfe750, 0x0000000704e00000| 99%| O|  |TS  0|AC  0|TAMS 0x0000000704d00000, 0x0000000704d00000|
|  78|0x0000000704e00000, 0x0000000704efffa0, 0x0000000704f00000| 99%| O|  |TS  0|AC  0|TAMS 0x0000000704e00000, 0x0000000704e00000|
|  79|0x0000000704f00000, 0x0000000704fffff8, 0x0000000705000000| 99%| O|  |TS  0|AC  0|TAMS 0x0000000704f00000, 0x0000000704f00000|
|  80|0x0000000705000000, 0x00000007050ffff8, 0x0000000705100000| 99%| O|  |TS  0|AC  0|TAMS 0x0000000705000000, 0x0000000705000000|
|  81|0x0000000705100000, 0x00000007051ffff8, 0x0000000705200000| 99%| O|  |TS  0|AC  0|TAMS 0x0000000705100000, 0x0000000705100000|
|  82|0x0000000705200000, 0x00000007052eb490, 0x0000000705300000| 91%| O|  |TS  0|AC  0|TAMS 0x0000000705200000, 0x0000000705200000|
|  83|0x0000000705300000, 0x0000000705400000, 0x0000000705400000|100%|HS|  |TS  0|AC  0|TAMS 0x0000000705300000, 0x0000000705300000|
|  84|0x0000000705400000, 0x0000000705500000, 0x0000000705500000|100%|HC|  |TS  0|AC  0|TAMS 0x0000000705400000, 0x0000000705400000|
|  85|0x0000000705500000, 0x0000000705600000, 0x0000000705600000|100%|HC|  |TS  0|AC  0|TAMS 0x0000000705500000, 0x0000000705500000|
|  86|0x0000000705600000, 0x00000007056ffff0, 0x0000000705700000| 99%| O|  |TS  0|AC  0|TAMS 0x0000000705600000, 0x0000000705600000|
|  87|0x0000000705700000, 0x00000007057ffff8, 0x0000000705800000| 99%| O|  |TS  0|AC  0|TAMS 0x0000000705700000, 0x0000000705700000|
|  88|0x0000000705800000, 0x00000007058ee9b8, 0x0000000705900000| 93%| O|  |TS  0|AC  0|TAMS 0x0000000705800000, 0x0000000705800000|
|  89|0x0000000705900000, 0x0000000705900000, 0x0000000705a00000|  0%| F|  |TS  0|AC  0|TAMS 0x0000000705900000, 0x0000000705900000|
|  90|0x0000000705a00000, 0x0000000705a00000, 0x0000000705b00000|  0%| F|  |TS  0|AC  0|TAMS 0x0000000705a00000, 0x0000000705a00000|
|  91|0x0000000705b00000, 0x0000000705b00000, 0x0000000705c00000|  0%| F|  |TS  0|AC  0|TAMS 0x0000000705b00000, 0x0000000705b00000|
|  92|0x0000000705c00000, 0x0000000705c00000, 0x0000000705d00000|  0%| F|  |TS  0|AC  0|TAMS 0x0000000705c00000, 0x0000000705c00000|
|  93|0x0000000705d00000, 0x0000000705d00000, 0x0000000705e00000|  0%| F|  |TS  0|AC  0|TAMS 0x0000000705d00000, 0x0000000705d00000|
|  94|0x0000000705e00000, 0x0000000705e00000, 0x0000000705f00000|  0%| F|  |TS  0|AC  0|TAMS 0x0000000705e00000, 0x0000000705e00000|
|  95|0x0000000705f00000, 0x0000000705f00000, 0x0000000706000000|  0%| F|  |TS  0|AC  0|TAMS 0x0000000705f00000, 0x0000000705f00000|
|  96|0x0000000706000000, 0x0000000706000000, 0x0000000706100000|  0%| F|  |TS  0|AC  0|TAMS 0x0000000706000000, 0x0000000706000000|
|  97|0x0000000706100000, 0x0000000706100000, 0x0000000706200000|  0%| F|  |TS  0|AC  0|TAMS 0x0000000706100000, 0x0000000706100000|
|  98|0x0000000706200000, 0x0000000706200000, 0x0000000706300000|  0%| F|  |TS  0|AC  0|TAMS 0x0000000706200000, 0x0000000706200000|
|  99|0x0000000706300000, 0x0000000706300000, 0x0000000706400000|  0%| F|  |TS  0|AC  0|TAMS 0x0000000706300000, 0x0000000706300000|
| 100|0x0000000706400000, 0x0000000706400000, 0x0000000706500000|  0%| F|  |TS  0|AC  0|TAMS 0x0000000706400000, 0x0000000706400000|
| 101|0x0000000706500000, 0x0000000706500000, 0x0000000706600000|  0%| F|  |TS  0|AC  0|TAMS 0x0000000706500000, 0x0000000706500000|
| 102|0x0000000706600000, 0x0000000706600000, 0x0000000706700000|  0%| F|  |TS  0|AC  0|TAMS 0x0000000706600000, 0x0000000706600000|
| 103|0x0000000706700000, 0x0000000706700000, 0x0000000706800000|  0%| F|  |TS  0|AC  0|TAMS 0x0000000706700000, 0x0000000706700000|
| 104|0x0000000706800000, 0x0000000706800000, 0x0000000706900000|  0%| F|  |TS  0|AC  0|TAMS 0x0000000706800000, 0x0000000706800000|
| 105|0x0000000706900000, 0x0000000706900000, 0x0000000706a00000|  0%| F|  |TS  0|AC  0|TAMS 0x0000000706900000, 0x0000000706900000|
| 106|0x0000000706a00000, 0x0000000706a00000, 0x0000000706b00000|  0%| F|  |TS  0|AC  0|TAMS 0x0000000706a00000, 0x0000000706a00000|
| 107|0x0000000706b00000, 0x0000000706b00000, 0x0000000706c00000|  0%| F|  |TS  0|AC  0|TAMS 0x0000000706b00000, 0x0000000706b00000|
| 108|0x0000000706c00000, 0x0000000706c00000, 0x0000000706d00000|  0%| F|  |TS  0|AC  0|TAMS 0x0000000706c00000, 0x0000000706c00000|
| 109|0x0000000706d00000, 0x0000000706d00000, 0x0000000706e00000|  0%| F|  |TS  0|AC  0|TAMS 0x0000000706d00000, 0x0000000706d00000|
| 110|0x0000000706e00000, 0x0000000706e00000, 0x0000000706f00000|  0%| F|  |TS  0|AC  0|TAMS 0x0000000706e00000, 0x0000000706e00000|
| 111|0x0000000706f00000, 0x0000000706f00000, 0x0000000707000000|  0%| F|  |TS  0|AC  0|TAMS 0x0000000706f00000, 0x0000000706f00000|
| 112|0x0000000707000000, 0x0000000707000000, 0x0000000707100000|  0%| F|  |TS  0|AC  0|TAMS 0x0000000707000000, 0x0000000707000000|
| 113|0x0000000707100000, 0x0000000707100000, 0x0000000707200000|  0%| F|  |TS  0|AC  0|TAMS 0x0000000707100000, 0x0000000707100000|
| 114|0x0000000707200000, 0x0000000707200000, 0x0000000707300000|  0%| F|  |TS  0|AC  0|TAMS 0x0000000707200000, 0x0000000707200000|
| 115|0x0000000707300000, 0x0000000707300000, 0x0000000707400000|  0%| F|  |TS  0|AC  0|TAMS 0x0000000707300000, 0x0000000707300000|
| 116|0x0000000707400000, 0x0000000707400000, 0x0000000707500000|  0%| F|  |TS  0|AC  0|TAMS 0x0000000707400000, 0x0000000707400000|
| 117|0x0000000707500000, 0x0000000707500000, 0x0000000707600000|  0%| F|  |TS  0|AC  0|TAMS 0x0000000707500000, 0x0000000707500000|
| 118|0x0000000707600000, 0x0000000707600000, 0x0000000707700000|  0%| F|  |TS  0|AC  0|TAMS 0x0000000707600000, 0x0000000707600000|
| 119|0x0000000707700000, 0x0000000707700000, 0x0000000707800000|  0%| F|  |TS  0|AC  0|TAMS 0x0000000707700000, 0x0000000707700000|
| 120|0x0000000707800000, 0x0000000707800000, 0x0000000707900000|  0%| F|  |TS  0|AC  0|TAMS 0x0000000707800000, 0x0000000707800000|
| 121|0x0000000707900000, 0x0000000707900000, 0x0000000707a00000|  0%| F|  |TS  0|AC  0|TAMS 0x0000000707900000, 0x0000000707900000|
| 122|0x0000000707a00000, 0x0000000707a00000, 0x0000000707b00000|  0%| F|  |TS  0|AC  0|TAMS 0x0000000707a00000, 0x0000000707a00000|
| 123|0x0000000707b00000, 0x0000000707b00000, 0x0000000707c00000|  0%| F|  |TS  0|AC  0|TAMS 0x0000000707b00000, 0x0000000707b00000|
| 124|0x0000000707c00000, 0x0000000707c00000, 0x0000000707d00000|  0%| F|  |TS  0|AC  0|TAMS 0x0000000707c00000, 0x0000000707c00000|
| 125|0x0000000707d00000, 0x0000000707d00000, 0x0000000707e00000|  0%| F|  |TS  0|AC  0|TAMS 0x0000000707d00000, 0x0000000707d00000|
| 126|0x0000000707e00000, 0x0000000707e00000, 0x0000000707f00000|  0%| F|  |TS  0|AC  0|TAMS 0x0000000707e00000, 0x0000000707e00000|
| 127|0x0000000707f00000, 0x0000000707f00000, 0x0000000708000000|  0%| F|  |TS  0|AC  0|TAMS 0x0000000707f00000, 0x0000000707f00000|
| 128|0x0000000708000000, 0x0000000708000000, 0x0000000708100000|  0%| F|  |TS  0|AC  0|TAMS 0x0000000708000000, 0x0000000708000000|
| 129|0x0000000708100000, 0x0000000708100000, 0x0000000708200000|  0%| F|  |TS  0|AC  0|TAMS 0x0000000708100000, 0x0000000708100000|
| 130|0x0000000708200000, 0x0000000708200000, 0x0000000708300000|  0%| F|  |TS  0|AC  0|TAMS 0x0000000708200000, 0x0000000708200000|
| 131|0x0000000708300000, 0x0000000708300000, 0x0000000708400000|  0%| F|  |TS  0|AC  0|TAMS 0x0000000708300000, 0x0000000708300000|
| 132|0x0000000708400000, 0x0000000708400000, 0x0000000708500000|  0%| F|  |TS  0|AC  0|TAMS 0x0000000708400000, 0x0000000708400000|
| 133|0x0000000708500000, 0x0000000708500000, 0x0000000708600000|  0%| F|  |TS  0|AC  0|TAMS 0x0000000708500000, 0x0000000708500000|
| 134|0x0000000708600000, 0x0000000708600000, 0x0000000708700000|  0%| F|  |TS  0|AC  0|TAMS 0x0000000708600000, 0x0000000708600000|
| 135|0x0000000708700000, 0x0000000708700000, 0x0000000708800000|  0%| F|  |TS  0|AC  0|TAMS 0x0000000708700000, 0x0000000708700000|
| 136|0x0000000708800000, 0x0000000708800000, 0x0000000708900000|  0%| F|  |TS  0|AC  0|TAMS 0x0000000708800000, 0x0000000708800000|
| 137|0x0000000708900000, 0x0000000708900000, 0x0000000708a00000|  0%| F|  |TS  0|AC  0|TAMS 0x0000000708900000, 0x0000000708900000|
| 138|0x0000000708a00000, 0x0000000708a00000, 0x0000000708b00000|  0%| F|  |TS  0|AC  0|TAMS 0x0000000708a00000, 0x0000000708a00000|
| 139|0x0000000708b00000, 0x0000000708b00000, 0x0000000708c00000|  0%| F|  |TS  0|AC  0|TAMS 0x0000000708b00000, 0x0000000708b00000|
| 140|0x0000000708c00000, 0x0000000708c00000, 0x0000000708d00000|  0%| F|  |TS  0|AC  0|TAMS 0x0000000708c00000, 0x0000000708c00000|
| 141|0x0000000708d00000, 0x0000000708d00000, 0x0000000708e00000|  0%| F|  |TS  0|AC  0|TAMS 0x0000000708d00000, 0x0000000708d00000|
| 142|0x0000000708e00000, 0x0000000708e00000, 0x0000000708f00000|  0%| F|  |TS  0|AC  0|TAMS 0x0000000708e00000, 0x0000000708e00000|
| 143|0x0000000708f00000, 0x0000000708f00000, 0x0000000709000000|  0%| F|  |TS  0|AC  0|TAMS 0x0000000708f00000, 0x0000000708f00000|
| 144|0x0000000709000000, 0x0000000709000000, 0x0000000709100000|  0%| F|  |TS  0|AC  0|TAMS 0x0000000709000000, 0x0000000709000000|
| 145|0x0000000709100000, 0x0000000709100000, 0x0000000709200000|  0%| F|  |TS  0|AC  0|TAMS 0x0000000709100000, 0x0000000709100000|
| 146|0x0000000709200000, 0x0000000709200000, 0x0000000709300000|  0%| F|  |TS  0|AC  0|TAMS 0x0000000709200000, 0x0000000709200000|
| 147|0x0000000709300000, 0x0000000709300000, 0x0000000709400000|  0%| F|  |TS  0|AC  0|TAMS 0x0000000709300000, 0x0000000709300000|
| 148|0x0000000709400000, 0x0000000709400000, 0x0000000709500000|  0%| F|  |TS  0|AC  0|TAMS 0x0000000709400000, 0x0000000709400000|
| 149|0x0000000709500000, 0x0000000709500000, 0x0000000709600000|  0%| F|  |TS  0|AC  0|TAMS 0x0000000709500000, 0x0000000709500000|
| 150|0x0000000709600000, 0x0000000709600000, 0x0000000709700000|  0%| F|  |TS  0|AC  0|TAMS 0x0000000709600000, 0x0000000709600000|
| 151|0x0000000709700000, 0x0000000709700000, 0x0000000709800000|  0%| F|  |TS  0|AC  0|TAMS 0x0000000709700000, 0x0000000709700000|
| 152|0x0000000709800000, 0x0000000709800000, 0x0000000709900000|  0%| F|  |TS  0|AC  0|TAMS 0x0000000709800000, 0x0000000709800000|
| 153|0x0000000709900000, 0x0000000709900000, 0x0000000709a00000|  0%| F|  |TS  0|AC  0|TAMS 0x0000000709900000, 0x0000000709900000|
| 154|0x0000000709a00000, 0x0000000709a00000, 0x0000000709b00000|  0%| F|  |TS  0|AC  0|TAMS 0x0000000709a00000, 0x0000000709a00000|
| 155|0x0000000709b00000, 0x0000000709b00000, 0x0000000709c00000|  0%| F|  |TS  0|AC  0|TAMS 0x0000000709b00000, 0x0000000709b00000|
| 156|0x0000000709c00000, 0x0000000709c00000, 0x0000000709d00000|  0%| F|  |TS  0|AC  0|TAMS 0x0000000709c00000, 0x0000000709c00000|
| 157|0x0000000709d00000, 0x0000000709d00000, 0x0000000709e00000|  0%| F|  |TS  0|AC  0|TAMS 0x0000000709d00000, 0x0000000709d00000|
| 158|0x0000000709e00000, 0x0000000709e00000, 0x0000000709f00000|  0%| F|  |TS  0|AC  0|TAMS 0x0000000709e00000, 0x0000000709e00000|
| 159|0x0000000709f00000, 0x0000000709f00000, 0x000000070a000000|  0%| F|  |TS  0|AC  0|TAMS 0x0000000709f00000, 0x0000000709f00000|
| 160|0x000000070a000000, 0x000000070a000000, 0x000000070a100000|  0%| F|  |TS  0|AC  0|TAMS 0x000000070a000000, 0x000000070a000000|
| 161|0x000000070a100000, 0x000000070a100000, 0x000000070a200000|  0%| F|  |TS  0|AC  0|TAMS 0x000000070a100000, 0x000000070a100000|
| 162|0x000000070a200000, 0x000000070a200000, 0x000000070a300000|  0%| F|  |TS  0|AC  0|TAMS 0x000000070a200000, 0x000000070a200000|
| 163|0x000000070a300000, 0x000000070a300000, 0x000000070a400000|  0%| F|  |TS  0|AC  0|TAMS 0x000000070a300000, 0x000000070a300000|
| 164|0x000000070a400000, 0x000000070a400000, 0x000000070a500000|  0%| F|  |TS  0|AC  0|TAMS 0x000000070a400000, 0x000000070a400000|
| 165|0x000000070a500000, 0x000000070a500000, 0x000000070a600000|  0%| F|  |TS  0|AC  0|TAMS 0x000000070a500000, 0x000000070a500000|
| 166|0x000000070a600000, 0x000000070a600000, 0x000000070a700000|  0%| F|  |TS  0|AC  0|TAMS 0x000000070a600000, 0x000000070a600000|
| 167|0x000000070a700000, 0x000000070a700000, 0x000000070a800000|  0%| F|  |TS  0|AC  0|TAMS 0x000000070a700000, 0x000000070a700000|
| 168|0x000000070a800000, 0x000000070a800000, 0x000000070a900000|  0%| F|  |TS  0|AC  0|TAMS 0x000000070a800000, 0x000000070a800000|
| 169|0x000000070a900000, 0x000000070a900000, 0x000000070aa00000|  0%| F|  |TS  0|AC  0|TAMS 0x000000070a900000, 0x000000070a900000|
| 170|0x000000070aa00000, 0x000000070aa00000, 0x000000070ab00000|  0%| F|  |TS  0|AC  0|TAMS 0x000000070aa00000, 0x000000070aa00000|
| 171|0x000000070ab00000, 0x000000070ab00000, 0x000000070ac00000|  0%| F|  |TS  0|AC  0|TAMS 0x000000070ab00000, 0x000000070ab00000|
| 172|0x000000070ac00000, 0x000000070ac00000, 0x000000070ad00000|  0%| F|  |TS  0|AC  0|TAMS 0x000000070ac00000, 0x000000070ac00000|
| 173|0x000000070ad00000, 0x000000070ad00000, 0x000000070ae00000|  0%| F|  |TS  0|AC  0|TAMS 0x000000070ad00000, 0x000000070ad00000|
| 174|0x000000070ae00000, 0x000000070ae00000, 0x000000070af00000|  0%| F|  |TS  0|AC  0|TAMS 0x000000070ae00000, 0x000000070ae00000|
| 175|0x000000070af00000, 0x000000070af00000, 0x000000070b000000|  0%| F|  |TS  0|AC  0|TAMS 0x000000070af00000, 0x000000070af00000|
| 176|0x000000070b000000, 0x000000070b000000, 0x000000070b100000|  0%| F|  |TS  0|AC  0|TAMS 0x000000070b000000, 0x000000070b000000|
| 177|0x000000070b100000, 0x000000070b100000, 0x000000070b200000|  0%| F|  |TS  0|AC  0|TAMS 0x000000070b100000, 0x000000070b100000|
| 178|0x000000070b200000, 0x000000070b200000, 0x000000070b300000|  0%| F|  |TS  0|AC  0|TAMS 0x000000070b200000, 0x000000070b200000|
| 179|0x000000070b300000, 0x000000070b300000, 0x000000070b400000|  0%| F|  |TS  0|AC  0|TAMS 0x000000070b300000, 0x000000070b300000|
| 180|0x000000070b400000, 0x000000070b400000, 0x000000070b500000|  0%| F|  |TS  0|AC  0|TAMS 0x000000070b400000, 0x000000070b400000|
| 181|0x000000070b500000, 0x000000070b500000, 0x000000070b600000|  0%| F|  |TS  0|AC  0|TAMS 0x000000070b500000, 0x000000070b500000|
| 182|0x000000070b600000, 0x000000070b600000, 0x000000070b700000|  0%| F|  |TS  0|AC  0|TAMS 0x000000070b600000, 0x000000070b600000|
| 183|0x000000070b700000, 0x000000070b700000, 0x000000070b800000|  0%| F|  |TS  0|AC  0|TAMS 0x000000070b700000, 0x000000070b700000|
| 184|0x000000070b800000, 0x000000070b800000, 0x000000070b900000|  0%| F|  |TS  0|AC  0|TAMS 0x000000070b800000, 0x000000070b800000|
| 185|0x000000070b900000, 0x000000070b900000, 0x000000070ba00000|  0%| F|  |TS  0|AC  0|TAMS 0x000000070b900000, 0x000000070b900000|
| 186|0x000000070ba00000, 0x000000070ba00000, 0x000000070bb00000|  0%| F|  |TS  0|AC  0|TAMS 0x000000070ba00000, 0x000000070ba00000|
| 187|0x000000070bb00000, 0x000000070bb00000, 0x000000070bc00000|  0%| F|  |TS  0|AC  0|TAMS 0x000000070bb00000, 0x000000070bb00000|
| 188|0x000000070bc00000, 0x000000070bc00000, 0x000000070bd00000|  0%| F|  |TS  0|AC  0|TAMS 0x000000070bc00000, 0x000000070bc00000|
| 189|0x000000070bd00000, 0x000000070bd00000, 0x000000070be00000|  0%| F|  |TS  0|AC  0|TAMS 0x000000070bd00000, 0x000000070bd00000|
| 190|0x000000070be00000, 0x000000070be00000, 0x000000070bf00000|  0%| F|  |TS  0|AC  0|TAMS 0x000000070be00000, 0x000000070be00000|
| 191|0x000000070bf00000, 0x000000070bf00000, 0x000000070c000000|  0%| F|  |TS  0|AC  0|TAMS 0x000000070bf00000, 0x000000070bf00000|
| 192|0x000000070c000000, 0x000000070c000000, 0x000000070c100000|  0%| F|  |TS  0|AC  0|TAMS 0x000000070c000000, 0x000000070c000000|
| 193|0x000000070c100000, 0x000000070c100000, 0x000000070c200000|  0%| F|  |TS  0|AC  0|TAMS 0x000000070c100000, 0x000000070c100000|
| 194|0x000000070c200000, 0x000000070c200000, 0x000000070c300000|  0%| F|  |TS  0|AC  0|TAMS 0x000000070c200000, 0x000000070c200000|
| 195|0x000000070c300000, 0x000000070c300000, 0x000000070c400000|  0%| F|  |TS  0|AC  0|TAMS 0x000000070c300000, 0x000000070c300000|
| 196|0x000000070c400000, 0x000000070c400000, 0x000000070c500000|  0%| F|  |TS  0|AC  0|TAMS 0x000000070c400000, 0x000000070c400000|
| 197|0x000000070c500000, 0x000000070c500000, 0x000000070c600000|  0%| F|  |TS  0|AC  0|TAMS 0x000000070c500000, 0x000000070c500000|
| 198|0x000000070c600000, 0x000000070c600000, 0x000000070c700000|  0%| F|  |TS  0|AC  0|TAMS 0x000000070c600000, 0x000000070c600000|
| 199|0x000000070c700000, 0x000000070c700000, 0x000000070c800000|  0%| F|  |TS  0|AC  0|TAMS 0x000000070c700000, 0x000000070c700000|
| 200|0x000000070c800000, 0x000000070c800000, 0x000000070c900000|  0%| F|  |TS  0|AC  0|TAMS 0x000000070c800000, 0x000000070c800000|
| 201|0x000000070c900000, 0x000000070c900000, 0x000000070ca00000|  0%| F|  |TS  0|AC  0|TAMS 0x000000070c900000, 0x000000070c900000|
| 202|0x000000070ca00000, 0x000000070ca00000, 0x000000070cb00000|  0%| F|  |TS  0|AC  0|TAMS 0x000000070ca00000, 0x000000070ca00000|
| 203|0x000000070cb00000, 0x000000070cb00000, 0x000000070cc00000|  0%| F|  |TS  0|AC  0|TAMS 0x000000070cb00000, 0x000000070cb00000|
| 204|0x000000070cc00000, 0x000000070cc00000, 0x000000070cd00000|  0%| F|  |TS  0|AC  0|TAMS 0x000000070cc00000, 0x000000070cc00000|
| 205|0x000000070cd00000, 0x000000070cd00000, 0x000000070ce00000|  0%| F|  |TS  0|AC  0|TAMS 0x000000070cd00000, 0x000000070cd00000|
| 206|0x000000070ce00000, 0x000000070ce00000, 0x000000070cf00000|  0%| F|  |TS  0|AC  0|TAMS 0x000000070ce00000, 0x000000070ce00000|
| 207|0x000000070cf00000, 0x000000070cf00000, 0x000000070d000000|  0%| F|  |TS  0|AC  0|TAMS 0x000000070cf00000, 0x000000070cf00000|
| 208|0x000000070d000000, 0x000000070d000000, 0x000000070d100000|  0%| F|  |TS  0|AC  0|TAMS 0x000000070d000000, 0x000000070d000000|
| 209|0x000000070d100000, 0x000000070d100000, 0x000000070d200000|  0%| F|  |TS  0|AC  0|TAMS 0x000000070d100000, 0x000000070d100000|
| 210|0x000000070d200000, 0x000000070d200000, 0x000000070d300000|  0%| F|  |TS  0|AC  0|TAMS 0x000000070d200000, 0x000000070d200000|
| 211|0x000000070d300000, 0x000000070d300000, 0x000000070d400000|  0%| F|  |TS  0|AC  0|TAMS 0x000000070d300000, 0x000000070d300000|
| 212|0x000000070d400000, 0x000000070d400000, 0x000000070d500000|  0%| F|  |TS  0|AC  0|TAMS 0x000000070d400000, 0x000000070d400000|
| 213|0x000000070d500000, 0x000000070d500000, 0x000000070d600000|  0%| F|  |TS  0|AC  0|TAMS 0x000000070d500000, 0x000000070d500000|
| 214|0x000000070d600000, 0x000000070d600000, 0x000000070d700000|  0%| F|  |TS  0|AC  0|TAMS 0x000000070d600000, 0x000000070d600000|
| 215|0x000000070d700000, 0x000000070d700000, 0x000000070d800000|  0%| F|  |TS  0|AC  0|TAMS 0x000000070d700000, 0x000000070d700000|
| 216|0x000000070d800000, 0x000000070d800000, 0x000000070d900000|  0%| F|  |TS  0|AC  0|TAMS 0x000000070d800000, 0x000000070d800000|
| 217|0x000000070d900000, 0x000000070d900000, 0x000000070da00000|  0%| F|  |TS  0|AC  0|TAMS 0x000000070d900000, 0x000000070d900000|
| 218|0x000000070da00000, 0x000000070da00000, 0x000000070db00000|  0%| F|  |TS  0|AC  0|TAMS 0x000000070da00000, 0x000000070da00000|
| 219|0x000000070db00000, 0x000000070db00000, 0x000000070dc00000|  0%| F|  |TS  0|AC  0|TAMS 0x000000070db00000, 0x000000070db00000|
| 220|0x000000070dc00000, 0x000000070dc00000, 0x000000070dd00000|  0%| F|  |TS  0|AC  0|TAMS 0x000000070dc00000, 0x000000070dc00000|
| 221|0x000000070dd00000, 0x000000070dd00000, 0x000000070de00000|  0%| F|  |TS  0|AC  0|TAMS 0x000000070dd00000, 0x000000070dd00000|
| 222|0x000000070de00000, 0x000000070de00000, 0x000000070df00000|  0%| F|  |TS  0|AC  0|TAMS 0x000000070de00000, 0x000000070de00000|
| 223|0x000000070df00000, 0x000000070df00000, 0x000000070e000000|  0%| F|  |TS  0|AC  0|TAMS 0x000000070df00000, 0x000000070df00000|
| 224|0x000000070e000000, 0x000000070e000000, 0x000000070e100000|  0%| F|  |TS  0|AC  0|TAMS 0x000000070e000000, 0x000000070e000000|
| 225|0x000000070e100000, 0x000000070e100000, 0x000000070e200000|  0%| F|  |TS  0|AC  0|TAMS 0x000000070e100000, 0x000000070e100000|
| 226|0x000000070e200000, 0x000000070e200000, 0x000000070e300000|  0%| F|  |TS  0|AC  0|TAMS 0x000000070e200000, 0x000000070e200000|
| 227|0x000000070e300000, 0x000000070e300000, 0x000000070e400000|  0%| F|  |TS  0|AC  0|TAMS 0x000000070e300000, 0x000000070e300000|
| 228|0x000000070e400000, 0x000000070e400000, 0x000000070e500000|  0%| F|  |TS  0|AC  0|TAMS 0x000000070e400000, 0x000000070e400000|
| 229|0x000000070e500000, 0x000000070e500000, 0x000000070e600000|  0%| F|  |TS  0|AC  0|TAMS 0x000000070e500000, 0x000000070e500000|
| 230|0x000000070e600000, 0x000000070e600000, 0x000000070e700000|  0%| F|  |TS  0|AC  0|TAMS 0x000000070e600000, 0x000000070e600000|
| 231|0x000000070e700000, 0x000000070e7b9740, 0x000000070e800000| 72%| S|CS|TS  9|AC  0|TAMS 0x000000070e700000, 0x000000070e700000|
| 232|0x000000070e800000, 0x000000070e800000, 0x000000070e900000|  0%| F|  |TS  9|AC  0|TAMS 0x000000070e800000, 0x000000070e800000|
| 233|0x000000070e900000, 0x000000070e900000, 0x000000070ea00000|  0%| F|  |TS  9|AC  0|TAMS 0x000000070e900000, 0x000000070e900000|
| 234|0x000000070ea00000, 0x000000070ea00000, 0x000000070eb00000|  0%| F|  |TS  9|AC  0|TAMS 0x000000070ea00000, 0x000000070ea00000|
| 235|0x000000070eb00000, 0x000000070eb00000, 0x000000070ec00000|  0%| F|  |TS  9|AC  0|TAMS 0x000000070eb00000, 0x000000070eb00000|
| 236|0x000000070ec00000, 0x000000070ec00000, 0x000000070ed00000|  0%| F|  |TS  9|AC  0|TAMS 0x000000070ec00000, 0x000000070ec00000|
| 237|0x000000070ed00000, 0x000000070ed00000, 0x000000070ee00000|  0%| F|  |TS  9|AC  0|TAMS 0x000000070ed00000, 0x000000070ed00000|
| 238|0x000000070ee00000, 0x000000070ee00000, 0x000000070ef00000|  0%| F|  |TS  9|AC  0|TAMS 0x000000070ee00000, 0x000000070ee00000|
| 239|0x000000070ef00000, 0x000000070ef00000, 0x000000070f000000|  0%| F|  |TS  9|AC  0|TAMS 0x000000070ef00000, 0x000000070ef00000|
| 240|0x000000070f000000, 0x000000070f000000, 0x000000070f100000|  0%| F|  |TS  9|AC  0|TAMS 0x000000070f000000, 0x000000070f000000|
| 241|0x000000070f100000, 0x000000070f100000, 0x000000070f200000|  0%| F|  |TS  9|AC  0|TAMS 0x000000070f100000, 0x000000070f100000|
| 242|0x000000070f200000, 0x000000070f200000, 0x000000070f300000|  0%| F|  |TS  9|AC  0|TAMS 0x000000070f200000, 0x000000070f200000|
| 243|0x000000070f300000, 0x000000070f300000, 0x000000070f400000|  0%| F|  |TS  9|AC  0|TAMS 0x000000070f300000, 0x000000070f300000|
| 244|0x000000070f400000, 0x000000070f400000, 0x000000070f500000|  0%| F|  |TS  9|AC  0|TAMS 0x000000070f400000, 0x000000070f400000|
| 245|0x000000070f500000, 0x000000070f500000, 0x000000070f600000|  0%| F|  |TS  9|AC  0|TAMS 0x000000070f500000, 0x000000070f500000|
| 246|0x000000070f600000, 0x000000070f600000, 0x000000070f700000|  0%| F|  |TS  9|AC  0|TAMS 0x000000070f600000, 0x000000070f600000|
| 247|0x000000070f700000, 0x000000070f700000, 0x000000070f800000|  0%| F|  |TS  9|AC  0|TAMS 0x000000070f700000, 0x000000070f700000|
| 248|0x000000070f800000, 0x000000070f800000, 0x000000070f900000|  0%| F|  |TS  9|AC  0|TAMS 0x000000070f800000, 0x000000070f800000|
| 249|0x000000070f900000, 0x000000070f900000, 0x000000070fa00000|  0%| F|  |TS  9|AC  0|TAMS 0x000000070f900000, 0x000000070f900000|
| 250|0x000000070fa00000, 0x000000070fa00000, 0x000000070fb00000|  0%| F|  |TS  9|AC  0|TAMS 0x000000070fa00000, 0x000000070fa00000|
| 251|0x000000070fb00000, 0x000000070fb00000, 0x000000070fc00000|  0%| F|  |TS  9|AC  0|TAMS 0x000000070fb00000, 0x000000070fb00000|
| 252|0x000000070fc00000, 0x000000070fc00000, 0x000000070fd00000|  0%| F|  |TS  9|AC  0|TAMS 0x000000070fc00000, 0x000000070fc00000|
| 253|0x000000070fd00000, 0x000000070fd00000, 0x000000070fe00000|  0%| F|  |TS  9|AC  0|TAMS 0x000000070fd00000, 0x000000070fd00000|
| 254|0x000000070fe00000, 0x000000070fe00000, 0x000000070ff00000|  0%| F|  |TS  9|AC  0|TAMS 0x000000070fe00000, 0x000000070fe00000|
| 255|0x000000070ff00000, 0x000000070ff00000, 0x0000000710000000|  0%| F|  |TS  9|AC  0|TAMS 0x000000070ff00000, 0x000000070ff00000|
| 256|0x0000000710000000, 0x0000000710000000, 0x0000000710100000|  0%| F|  |TS  9|AC  0|TAMS 0x0000000710000000, 0x0000000710000000|
| 257|0x0000000710100000, 0x0000000710100000, 0x0000000710200000|  0%| F|  |TS  9|AC  0|TAMS 0x0000000710100000, 0x0000000710100000|
| 258|0x0000000710200000, 0x0000000710200000, 0x0000000710300000|  0%| F|  |TS  9|AC  0|TAMS 0x0000000710200000, 0x0000000710200000|
| 259|0x0000000710300000, 0x0000000710300000, 0x0000000710400000|  0%| F|  |TS  9|AC  0|TAMS 0x0000000710300000, 0x0000000710300000|
| 260|0x0000000710400000, 0x0000000710400000, 0x0000000710500000|  0%| F|  |TS  9|AC  0|TAMS 0x0000000710400000, 0x0000000710400000|
| 261|0x0000000710500000, 0x0000000710500000, 0x0000000710600000|  0%| F|  |TS  9|AC  0|TAMS 0x0000000710500000, 0x0000000710500000|
| 262|0x0000000710600000, 0x0000000710600000, 0x0000000710700000|  0%| F|  |TS  9|AC  0|TAMS 0x0000000710600000, 0x0000000710600000|
| 263|0x0000000710700000, 0x0000000710700000, 0x0000000710800000|  0%| F|  |TS  9|AC  0|TAMS 0x0000000710700000, 0x0000000710700000|
| 264|0x0000000710800000, 0x0000000710800000, 0x0000000710900000|  0%| F|  |TS  9|AC  0|TAMS 0x0000000710800000, 0x0000000710800000|
| 265|0x0000000710900000, 0x0000000710900000, 0x0000000710a00000|  0%| F|  |TS  9|AC  0|TAMS 0x0000000710900000, 0x0000000710900000|
| 266|0x0000000710a00000, 0x0000000710a00000, 0x0000000710b00000|  0%| F|  |TS  9|AC  0|TAMS 0x0000000710a00000, 0x0000000710a00000|
| 267|0x0000000710b00000, 0x0000000710b00000, 0x0000000710c00000|  0%| F|  |TS  9|AC  0|TAMS 0x0000000710b00000, 0x0000000710b00000|
| 268|0x0000000710c00000, 0x0000000710c00000, 0x0000000710d00000|  0%| F|  |TS  9|AC  0|TAMS 0x0000000710c00000, 0x0000000710c00000|
| 269|0x0000000710d00000, 0x0000000710d00000, 0x0000000710e00000|  0%| F|  |TS  9|AC  0|TAMS 0x0000000710d00000, 0x0000000710d00000|
| 270|0x0000000710e00000, 0x0000000710e00000, 0x0000000710f00000|  0%| F|  |TS  9|AC  0|TAMS 0x0000000710e00000, 0x0000000710e00000|
| 271|0x0000000710f00000, 0x0000000710f00000, 0x0000000711000000|  0%| F|  |TS  9|AC  0|TAMS 0x0000000710f00000, 0x0000000710f00000|
| 272|0x0000000711000000, 0x0000000711000000, 0x0000000711100000|  0%| F|  |TS  9|AC  0|TAMS 0x0000000711000000, 0x0000000711000000|
| 273|0x0000000711100000, 0x0000000711100000, 0x0000000711200000|  0%| F|  |TS  9|AC  0|TAMS 0x0000000711100000, 0x0000000711100000|
| 274|0x0000000711200000, 0x0000000711200000, 0x0000000711300000|  0%| F|  |TS  9|AC  0|TAMS 0x0000000711200000, 0x0000000711200000|
| 275|0x0000000711300000, 0x0000000711300000, 0x0000000711400000|  0%| F|  |TS  9|AC  0|TAMS 0x0000000711300000, 0x0000000711300000|
| 276|0x0000000711400000, 0x0000000711400000, 0x0000000711500000|  0%| F|  |TS  9|AC  0|TAMS 0x0000000711400000, 0x0000000711400000|
| 277|0x0000000711500000, 0x0000000711500000, 0x0000000711600000|  0%| F|  |TS  9|AC  0|TAMS 0x0000000711500000, 0x0000000711500000|
| 278|0x0000000711600000, 0x0000000711600000, 0x0000000711700000|  0%| F|  |TS  9|AC  0|TAMS 0x0000000711600000, 0x0000000711600000|
| 279|0x0000000711700000, 0x0000000711700000, 0x0000000711800000|  0%| F|  |TS  9|AC  0|TAMS 0x0000000711700000, 0x0000000711700000|
| 280|0x0000000711800000, 0x0000000711800000, 0x0000000711900000|  0%| F|  |TS  9|AC  0|TAMS 0x0000000711800000, 0x0000000711800000|
| 281|0x0000000711900000, 0x0000000711900000, 0x0000000711a00000|  0%| F|  |TS  9|AC  0|TAMS 0x0000000711900000, 0x0000000711900000|
| 282|0x0000000711a00000, 0x0000000711a00000, 0x0000000711b00000|  0%| F|  |TS  9|AC  0|TAMS 0x0000000711a00000, 0x0000000711a00000|
| 283|0x0000000711b00000, 0x0000000711b00000, 0x0000000711c00000|  0%| F|  |TS  9|AC  0|TAMS 0x0000000711b00000, 0x0000000711b00000|
| 284|0x0000000711c00000, 0x0000000711c00000, 0x0000000711d00000|  0%| F|  |TS  9|AC  0|TAMS 0x0000000711c00000, 0x0000000711c00000|
| 285|0x0000000711d00000, 0x0000000711d00000, 0x0000000711e00000|  0%| F|  |TS  9|AC  0|TAMS 0x0000000711d00000, 0x0000000711d00000|
| 286|0x0000000711e00000, 0x0000000711e00000, 0x0000000711f00000|  0%| F|  |TS  9|AC  0|TAMS 0x0000000711e00000, 0x0000000711e00000|
| 287|0x0000000711f00000, 0x0000000711f00000, 0x0000000712000000|  0%| F|  |TS  9|AC  0|TAMS 0x0000000711f00000, 0x0000000711f00000|
| 288|0x0000000712000000, 0x0000000712000000, 0x0000000712100000|  0%| F|  |TS  9|AC  0|TAMS 0x0000000712000000, 0x0000000712000000|
| 289|0x0000000712100000, 0x0000000712100000, 0x0000000712200000|  0%| F|  |TS  9|AC  0|TAMS 0x0000000712100000, 0x0000000712100000|
| 290|0x0000000712200000, 0x000000071229a4e0, 0x0000000712300000| 60%| E|  |TS  9|AC  0|TAMS 0x0000000712200000, 0x0000000712200000|
| 291|0x0000000712300000, 0x0000000712400000, 0x0000000712400000|100%| E|CS|TS  9|AC  0|TAMS 0x0000000712300000, 0x0000000712300000|

Card table byte_map: [0x0000012688790000,0x0000012688d90000] byte_map_base: 0x0000012684f90000

Marking Bits (Prev, Next): (CMBitMap*) 0x000001268f405ef8, (CMBitMap*) 0x000001268f405ec0
 Prev Bits: [0x00000126a5060000, 0x00000126a8060000)
 Next Bits: [0x0000012689390000, 0x000001268c390000)

Polling page: 0x00000126818a0000

CodeHeap 'non-profiled nmethods': size=120064Kb used=26950Kb max_used=28319Kb free=93113Kb
 bounds [0x000001269db20000, 0x000001269f6d0000, 0x00000126a5060000]
CodeHeap 'profiled nmethods': size=120000Kb used=49039Kb max_used=49039Kb free=70960Kb
 bounds [0x00000126965f0000, 0x0000012699640000, 0x000001269db20000]
CodeHeap 'non-nmethods': size=5696Kb used=1884Kb max_used=1948Kb free=3811Kb
 bounds [0x0000012696060000, 0x00000126962d0000, 0x00000126965f0000]
 total_blobs=41812 nmethods=20801 adapters=1265
 compilation: enabled

Compilation events (10 events):
Event: 13749.123 Thread 0x000001268de6a800 28443       3       com.sun.org.apache.xml.internal.serializer.ToStream::getOutputFormat (131 bytes)
Event: 13749.124 Thread 0x000001268de6a800 nmethod 28443 0x000001269962f810 code [0x000001269962fb80, 0x00000126996318e0]
Event: 13749.351 Thread 0x000001268de6a800 28444       3       ui.utils.k.j.a.b::dx (44 bytes)
Event: 13749.352 Thread 0x000001268de6a800 nmethod 28444 0x0000012699632190 code [0x00000126996324a0, 0x00000126996336c0]
Event: 13749.454 Thread 0x000001268de65000 28445       4       com.jidesoft.grid.FilterableTableModel::fireIndexChanging (38 bytes)
Event: 13749.465 Thread 0x000001268de65000 nmethod 28445 0x000001269ecae210 code [0x000001269ecae420, 0x000001269ecae978]
Event: 13750.892 Thread 0x000001268de69800 28446   !   4       sun.awt.windows.WWindowPeer::getTranslucentGraphics (37 bytes)
Event: 13750.893 Thread 0x000001268de69800 nmethod 28446 0x000001269ec69690 code [0x000001269ec69820, 0x000001269ec69a98]
Event: 13750.957 Thread 0x000001268de65000 28447       4       java.awt.image.ImageFilter::setDimensions (12 bytes)
Event: 13750.971 Thread 0x000001268de65000 nmethod 28447 0x000001269eceb990 code [0x000001269ecebbc0, 0x000001269ecec710]

GC Heap History (10 events):
Event: 13735.933 GC heap before
{Heap before GC invocations=1284 (full 598):
 garbage-first heap   total 299008K, used 151098K [0x0000000700000000, 0x0000000700100920, 0x00000007c0000000)
  region size 1024K, 60 young (61440K), 0 survivors (0K)
 Metaspace       used 99199K, capacity 102801K, committed 105212K, reserved 1140736K
  class space    used 13593K, capacity 14259K, committed 14844K, reserved 1048576K
}
Event: 13735.936 GC heap after
{Heap after GC invocations=1285 (full 598):
 garbage-first heap   total 299008K, used 90112K [0x0000000700000000, 0x0000000700100920, 0x00000007c0000000)
  region size 1024K, 1 young (1024K), 1 survivors (1024K)
 Metaspace       used 99199K, capacity 102801K, committed 105212K, reserved 1140736K
  class space    used 13593K, capacity 14259K, committed 14844K, reserved 1048576K
}
Event: 13742.343 GC heap before
{Heap before GC invocations=1285 (full 598):
 garbage-first heap   total 299008K, used 150528K [0x0000000700000000, 0x0000000700100920, 0x00000007c0000000)
  region size 1024K, 60 young (61440K), 1 survivors (1024K)
 Metaspace       used 99199K, capacity 102801K, committed 105212K, reserved 1140736K
  class space    used 13593K, capacity 14259K, committed 14844K, reserved 1048576K
}
Event: 13742.346 GC heap after
{Heap after GC invocations=1286 (full 598):
 garbage-first heap   total 299008K, used 90033K [0x0000000700000000, 0x0000000700100920, 0x00000007c0000000)
  region size 1024K, 1 young (1024K), 1 survivors (1024K)
 Metaspace       used 99199K, capacity 102801K, committed 105212K, reserved 1140736K
  class space    used 13593K, capacity 14259K, committed 14844K, reserved 1048576K
}
Event: 13748.629 GC heap before
{Heap before GC invocations=1286 (full 598):
 garbage-first heap   total 299008K, used 150449K [0x0000000700000000, 0x0000000700100920, 0x00000007c0000000)
  region size 1024K, 60 young (61440K), 1 survivors (1024K)
 Metaspace       used 99201K, capacity 102801K, committed 105212K, reserved 1140736K
  class space    used 13593K, capacity 14259K, committed 14844K, reserved 1048576K
}
Event: 13748.633 GC heap after
{Heap after GC invocations=1287 (full 598):
 garbage-first heap   total 299008K, used 90580K [0x0000000700000000, 0x0000000700100920, 0x00000007c0000000)
  region size 1024K, 1 young (1024K), 1 survivors (1024K)
 Metaspace       used 99201K, capacity 102801K, committed 105212K, reserved 1140736K
  class space    used 13593K, capacity 14259K, committed 14844K, reserved 1048576K
}
Event: 13749.215 GC heap before
{Heap before GC invocations=1287 (full 598):
 garbage-first heap   total 299008K, used 150996K [0x0000000700000000, 0x0000000700100920, 0x00000007c0000000)
  region size 1024K, 60 young (61440K), 1 survivors (1024K)
 Metaspace       used 99215K, capacity 102801K, committed 105212K, reserved 1140736K
  class space    used 13593K, capacity 14259K, committed 14844K, reserved 1048576K
}
Event: 13749.218 GC heap after
{Heap after GC invocations=1288 (full 598):
 garbage-first heap   total 299008K, used 90258K [0x0000000700000000, 0x0000000700100920, 0x00000007c0000000)
  region size 1024K, 1 young (1024K), 1 survivors (1024K)
 Metaspace       used 99215K, capacity 102801K, committed 105212K, reserved 1140736K
  class space    used 13593K, capacity 14259K, committed 14844K, reserved 1048576K
}
Event: 13750.965 GC heap before
{Heap before GC invocations=1288 (full 598):
 garbage-first heap   total 299008K, used 150674K [0x0000000700000000, 0x0000000700100920, 0x00000007c0000000)
  region size 1024K, 60 young (61440K), 1 survivors (1024K)
 Metaspace       used 99215K, capacity 102801K, committed 105212K, reserved 1140736K
  class space    used 13593K, capacity 14259K, committed 14844K, reserved 1048576K
}
Event: 13750.970 GC heap after
{Heap after GC invocations=1289 (full 598):
 garbage-first heap   total 299008K, used 90400K [0x0000000700000000, 0x0000000700100920, 0x00000007c0000000)
  region size 1024K, 1 young (1024K), 1 survivors (1024K)
 Metaspace       used 99215K, capacity 102801K, committed 105212K, reserved 1140736K
  class space    used 13593K, capacity 14259K, committed 14844K, reserved 1048576K
}

Deoptimization events (10 events):
Event: 13714.073 Thread 0x00000126ac3d7000 Uncommon trap: reason=unstable_if action=reinterpret pc=0x000001269eeac510 method=ui.b.c.b.p.yS(I)Lui/data/bk; @ 26 c2
Event: 13714.267 Thread 0x00000126ac3d7000 Uncommon trap: reason=unstable_if action=reinterpret pc=0x000001269ef9ea58 method=ui.frmwork.G.i(JZ)V @ 387 c2
Event: 13714.273 Thread 0x00000126ac3d7000 Uncommon trap: reason=bimorphic_or_optimized_type_check action=maybe_recompile pc=0x000001269f1bb908 method=java.util.HashMap.removeNode(ILjava/lang/Object;Ljava/lang/Object;ZZ)Ljava/util/HashMap$Node; @ 68 c2
Event: 13714.273 Thread 0x00000126ac3d7000 Uncommon trap: reason=bimorphic_or_optimized_type_check action=maybe_recompile pc=0x000001269f1bb908 method=java.util.HashMap.removeNode(ILjava/lang/Object;Ljava/lang/Object;ZZ)Ljava/util/HashMap$Node; @ 68 c2
Event: 13714.273 Thread 0x00000126ac3d7000 Uncommon trap: reason=bimorphic_or_optimized_type_check action=maybe_recompile pc=0x000001269f1bb908 method=java.util.HashMap.removeNode(ILjava/lang/Object;Ljava/lang/Object;ZZ)Ljava/util/HashMap$Node; @ 68 c2
Event: 13714.273 Thread 0x00000126ac3d7000 Uncommon trap: reason=bimorphic_or_optimized_type_check action=maybe_recompile pc=0x000001269f1bb908 method=java.util.HashMap.removeNode(ILjava/lang/Object;Ljava/lang/Object;ZZ)Ljava/util/HashMap$Node; @ 68 c2
Event: 13714.589 Thread 0x00000126ae859000 Uncommon trap: reason=null_check action=make_not_entrant pc=0x000001269ea58440 method=ui.utils.lnf.b.run()V @ 130 c2
Event: 13714.589 Thread 0x000001268de59000 Uncommon trap: reason=unstable_if action=reinterpret pc=0x000001269dd58da8 method=ui.data.common.N.finalize()V @ 6 c2
Event: 13746.979 Thread 0x00000126ac3d7000 Uncommon trap: reason=unstable_if action=reinterpret pc=0x000001269f2772b4 method=ui.views.O.a.a(Ljava/awt/event/MouseEvent;Lui/views/d/b;)V @ 58 c2
Event: 13749.450 Thread 0x00000126ac3d7000 Uncommon trap: reason=unstable_if action=reinterpret pc=0x000001269f5e84e4 method=ui.frmwork.a.epB()Z @ 4 c2

Classes redefined (0 events):
No events

Internal exceptions (10 events):
Event: 13687.097 Thread 0x00000126ac3d7000 Exception <a 'java/lang/NullPointerException'{0x000000070ecbd318}> (0x000000070ecbd318) thrown at [t:/workspace/hotspot/src/share/vm/runtime/sharedRuntime.cpp, line 606]
Event: 13687.098 Thread 0x00000126ac3d7000 Implicit null exception at 0x00000126993e577f to 0x00000126993eb67a
Event: 13687.098 Thread 0x00000126ac3d7000 Exception <a 'java/lang/NullPointerException'{0x000000070ecbef00}> (0x000000070ecbef00) thrown at [t:/workspace/hotspot/src/share/vm/runtime/sharedRuntime.cpp, line 606]
Event: 13687.098 Thread 0x00000126ac3d7000 Implicit null exception at 0x00000126993e577f to 0x00000126993eb67a
Event: 13687.098 Thread 0x00000126ac3d7000 Exception <a 'java/lang/NullPointerException'{0x000000070ecd5ba8}> (0x000000070ecd5ba8) thrown at [t:/workspace/hotspot/src/share/vm/runtime/sharedRuntime.cpp, line 606]
Event: 13687.099 Thread 0x00000126ac3d7000 Implicit null exception at 0x00000126993e577f to 0x00000126993eb67a
Event: 13687.099 Thread 0x00000126ac3d7000 Exception <a 'java/lang/NullPointerException'{0x000000070ecd7790}> (0x000000070ecd7790) thrown at [t:/workspace/hotspot/src/share/vm/runtime/sharedRuntime.cpp, line 606]
Event: 13713.442 Thread 0x00000126ac3d7000 Implicit null exception at 0x000001269f118b50 to 0x000001269f11f701
Event: 13713.442 Thread 0x00000126ac3d7000 Implicit null exception at 0x000001269e60aefc to 0x000001269e60b051
Event: 13714.589 Thread 0x00000126ae859000 Implicit null exception at 0x000001269ea565b4 to 0x000001269ea58429

Events (10 events):
Event: 13749.450 Thread 0x00000126ac3d7000 DEOPT PACKING pc=0x000001269f5e84e4 sp=0x0000001a2dbf71a0
Event: 13749.450 Thread 0x00000126ac3d7000 DEOPT UNPACKING pc=0x00000126960adf29 sp=0x0000001a2dbf7058 mode 2
Event: 13750.056 Thread 0x00000126f6c50800 Thread added: 0x00000126f6c50800
Event: 13750.061 Thread 0x00000126f6c50800 Thread exited: 0x00000126f6c50800
Event: 13750.181 Thread 0x00000126f6c53800 Thread added: 0x00000126f6c53800
Event: 13750.186 Executing VM operation: RevokeBias
Event: 13750.186 Executing VM operation: RevokeBias done
Event: 13750.186 Thread 0x00000126f6c53800 Thread exited: 0x00000126f6c53800
Event: 13750.964 Executing VM operation: G1IncCollectionPause
Event: 13750.970 Executing VM operation: G1IncCollectionPause done


Dynamic libraries:
0x00007ff6c77a0000 - 0x00007ff6c77d0000 	C:\Xilinx\Vivado\2019.2\bin\unwrapped\win64.o\vivado.exe
0x00007ffd72430000 - 0x00007ffd72625000 	C:\Windows\SYSTEM32\ntdll.dll
0x00007ffd70480000 - 0x00007ffd7053e000 	C:\Windows\System32\KERNEL32.DLL
0x00007ffd700a0000 - 0x00007ffd70368000 	C:\Windows\System32\KERNELBASE.dll
0x00007ffd6cda0000 - 0x00007ffd6ce30000 	C:\Windows\SYSTEM32\apphelp.dll
0x00007ffd6fc00000 - 0x00007ffd6fd00000 	C:\Windows\System32\ucrtbase.dll
0x00007ffd4e9a0000 - 0x00007ffd4ea2d000 	C:\Windows\SYSTEM32\MSVCP140.dll
0x00007ffd4e970000 - 0x00007ffd4e98b000 	C:\Windows\SYSTEM32\VCRUNTIME140.dll
0x00007ffd5b6e0000 - 0x00007ffd5b6f6000 	C:\Xilinx\Vivado\2019.2\lib\win64.o\librdi_commonmain.dll
0x00007ffd5b6c0000 - 0x00007ffd5b6d4000 	C:\Xilinx\Vivado\2019.2\lib\win64.o\libboost_signals.dll
0x00007ffd071b0000 - 0x00007ffd080f3000 	C:\Xilinx\Vivado\2019.2\lib\win64.o\librdi_common.dll
0x00007ffd4e990000 - 0x00007ffd4e99c000 	C:\Windows\SYSTEM32\VCRUNTIME140_1.dll
0x00007ffd70f90000 - 0x00007ffd71131000 	C:\Windows\System32\USER32.dll
0x00007ffd6ffd0000 - 0x00007ffd6fff2000 	C:\Windows\System32\win32u.dll
0x00007ffd70cd0000 - 0x00007ffd70cfb000 	C:\Windows\System32\GDI32.dll
0x00007ffd5aaa0000 - 0x00007ffd5aac6000 	C:\Xilinx\Vivado\2019.2\lib\win64.o\libboost_filesystem.dll
0x00007ffd70370000 - 0x00007ffd7047b000 	C:\Windows\System32\gdi32full.dll
0x00007ffd64bc0000 - 0x00007ffd64bca000 	C:\Xilinx\Vivado\2019.2\lib\win64.o\librdi_commonversion.dll
0x00007ffd708c0000 - 0x00007ffd7096c000 	C:\Windows\System32\ADVAPI32.dll
0x00007ffd70000000 - 0x00007ffd7009d000 	C:\Windows\System32\msvcp_win.dll
0x00007ffd70e40000 - 0x00007ffd70ede000 	C:\Windows\System32\msvcrt.dll
0x00007ffd70540000 - 0x00007ffd705db000 	C:\Windows\System32\sechost.dll
0x00007ffd71c40000 - 0x00007ffd7237f000 	C:\Windows\System32\SHELL32.dll
0x00007ffd71140000 - 0x00007ffd7126a000 	C:\Windows\System32\RPCRT4.dll
0x00007ffd09310000 - 0x00007ffd094b1000 	C:\Xilinx\Vivado\2019.2\lib\win64.o\librdi_commonxillic.dll
0x0000000050290000 - 0x00000000503bb000 	C:\Xilinx\Vivado\2019.2\lib\win64.o\tcl85t.dll
0x00007ffd6fd00000 - 0x00007ffd6fd27000 	C:\Windows\System32\bcrypt.dll
0x00007ffd71b20000 - 0x00007ffd71b8b000 	C:\Windows\System32\WS2_32.dll
0x00007ffd5b6a0000 - 0x00007ffd5b6b4000 	C:\Xilinx\Vivado\2019.2\lib\win64.o\libboost_date_time.dll
0x00007ffd06e40000 - 0x00007ffd071ae000 	C:\Xilinx\Vivado\2019.2\lib\win64.o\libCOIN-all.dll
0x00007ffd09ff0000 - 0x00007ffd0a104000 	C:\Xilinx\Vivado\2019.2\lib\win64.o\libboost_regex.dll
0x00007ffd5c330000 - 0x00007ffd5c33b000 	C:\Xilinx\Vivado\2019.2\lib\win64.o\libboost_system.dll
0x00007ffd4eac0000 - 0x00007ffd4eae1000 	C:\Xilinx\Vivado\2019.2\lib\win64.o\libboost_thread.dll
0x00007ffd5b580000 - 0x00007ffd5b58f000 	C:\Xilinx\Vivado\2019.2\lib\win64.o\libboost_xilinx.dll
0x00007ffd3d910000 - 0x00007ffd3d992000 	C:\Xilinx\Vivado\2019.2\lib\win64.o\libhdlpsolve.dll
0x00007ffd4d620000 - 0x00007ffd4d64e000 	C:\Xilinx\Vivado\2019.2\lib\win64.o\libisl_sysinfo.dll
0x00007ffd2d760000 - 0x00007ffd2d805000 	C:\Xilinx\Vivado\2019.2\lib\win64.o\libhdxml.dll
0x00007ffd3d7e0000 - 0x00007ffd3d845000 	C:\Xilinx\Vivado\2019.2\lib\win64.o\liblmx6.0.dll
0x00007ffd4f6c0000 - 0x00007ffd4f6da000 	C:\Xilinx\Vivado\2019.2\lib\win64.o\pthreadVC2.dll
0x00007ffd4f610000 - 0x00007ffd4f62c000 	C:\Xilinx\Vivado\2019.2\lib\win64.o\librdiconfig.dll
0x00007ffd39c90000 - 0x00007ffd39d0f000 	C:\Xilinx\Vivado\2019.2\lib\win64.o\libboost_program_options.dll
0x00007ffd49e70000 - 0x00007ffd49e91000 	C:\Xilinx\Vivado\2019.2\lib\win64.o\librdizlib.dll
0x0000000012000000 - 0x0000000012270000 	C:\Xilinx\Vivado\2019.2\lib\win64.o\xerces-c_3_1.dll
0x00007ffd574f0000 - 0x00007ffd57508000 	C:\Windows\SYSTEM32\NETAPI32.dll
0x00007ffd06240000 - 0x00007ffd06e3c200 	C:\Xilinx\Vivado\2019.2\lib\win64.o\libisl_iostreams.dll
0x00007ffd6d6a0000 - 0x00007ffd6db78000 	C:\Windows\SYSTEM32\WININET.dll
0x00007ffd5a200000 - 0x00007ffd5a3eb000 	C:\Windows\SYSTEM32\urlmon.dll
0x00007ffd5cb50000 - 0x00007ffd5cc5c000 	C:\Windows\SYSTEM32\WINHTTP.dll
0x00007ffd5e0b0000 - 0x00007ffd5e0b9000 	C:\Windows\SYSTEM32\WSOCK32.dll
0x00007ffd47cc0000 - 0x00007ffd47ce7000 	C:\Windows\SYSTEM32\VCOMP140.DLL
0x00007ffd053a0000 - 0x00007ffd06231000 	C:\Xilinx\Vivado\2019.2\lib\win64.o\gurobi65.dll
0x00007ffd050c0000 - 0x00007ffd0539b000 	C:\Xilinx\Vivado\2019.2\lib\win64.o\libXil_lmgr11.dll
0x00007ffd71270000 - 0x00007ffd7134a000 	C:\Windows\System32\COMDLG32.dll
0x00007ffd70970000 - 0x00007ffd70cc5000 	C:\Windows\System32\combase.dll
0x00007ffd71b90000 - 0x00007ffd71c3d000 	C:\Windows\System32\shcore.dll
0x00007ffd70700000 - 0x00007ffd70755000 	C:\Windows\System32\SHLWAPI.dll
0x00007ffd5b550000 - 0x00007ffd5b55d000 	C:\Xilinx\Vivado\2019.2\lib\win64.o\libboost_chrono.dll
0x00007ffd70d00000 - 0x00007ffd70dcd000 	C:\Windows\System32\OLEAUT32.dll
0x00007ffd70790000 - 0x00007ffd708ba000 	C:\Windows\System32\ole32.dll
0x00007ffd4cff0000 - 0x00007ffd4d00b000 	C:\Xilinx\Vivado\2019.2\lib\win64.o\libboost_iostreams.dll
0x00007ffd478f0000 - 0x00007ffd47915000 	C:\Xilinx\Vivado\2019.2\lib\win64.o\libisl_iosutils.dll
0x00007ffd6fe90000 - 0x00007ffd6fef0000 	C:\Windows\System32\WINTRUST.dll
0x00007ffd5a790000 - 0x00007ffd5aa40000 	C:\Windows\SYSTEM32\iertutil.dll
0x00007ffd6fd30000 - 0x00007ffd6fe86000 	C:\Windows\System32\CRYPT32.dll
0x00007ffd5a180000 - 0x00007ffd5a1a8000 	C:\Windows\SYSTEM32\srvcli.dll
0x00007ffd6f030000 - 0x00007ffd6f03c000 	C:\Windows\SYSTEM32\netutils.dll
0x00007ffd50800000 - 0x00007ffd508b0000 	C:\Windows\WinSxS\amd64_microsoft.windows.common-controls_6595b64144ccf1df_5.82.19041.1110_none_792d1c772443f647\COMCTL32.dll
0x00007ffd5e440000 - 0x00007ffd5e45d000 	C:\Windows\SYSTEM32\dhcpcsvc.DLL
0x00007ffd70760000 - 0x00007ffd70790000 	C:\Windows\System32\IMM32.DLL
0x00007ffd6f660000 - 0x00007ffd6f672000 	C:\Windows\SYSTEM32\MSASN1.dll
0x00007ffd6e400000 - 0x00007ffd6e412000 	C:\Windows\SYSTEM32\kernel.appcore.dll
0x00007ffd04ba0000 - 0x00007ffd050b7000 	C:\Xilinx\Vivado\2019.2\lib\win64.o\librdi_commontasks.dll
0x0000000076c80000 - 0x00000000776a5000 	C:\Xilinx\Vivado\2019.2\tps\win64\jre9.0.4\bin\server\jvm.dll
0x00007ffd048b0000 - 0x00007ffd04b93000 	C:\Xilinx\Vivado\2019.2\lib\win64.o\librdi_sio.dll
0x00007ffd70670000 - 0x00007ffd70678000 	C:\Windows\System32\PSAPI.DLL
0x00007ffd644f0000 - 0x00007ffd644fa000 	C:\Windows\SYSTEM32\VERSION.dll
0x00007ffd5c400000 - 0x00007ffd5c427000 	C:\Windows\SYSTEM32\WINMM.dll
0x00007ffd6ef20000 - 0x00007ffd6ef5b000 	C:\Windows\SYSTEM32\IPHLPAPI.DLL
0x00007ffd58880000 - 0x00007ffd5896f000 	C:\Windows\SYSTEM32\MSVCR120.dll
0x00007ffd6f230000 - 0x00007ffd6f29a000 	C:\Windows\SYSTEM32\MSWSOCK.DLL
0x00007ffd6dc20000 - 0x00007ffd6e3b0000 	C:\Windows\SYSTEM32\windows.storage.dll
0x00007ffd6f4d0000 - 0x00007ffd6f4fe000 	C:\Windows\SYSTEM32\Wldp.dll
0x00007ffcfa3f0000 - 0x00007ffcfcb35000 	C:\Xilinx\Vivado\2019.2\lib\win64.o\librdi_tcltasks.dll
0x00007ffd043f0000 - 0x00007ffd048a4000 	C:\Xilinx\Vivado\2019.2\lib\win64.o\librdi_bitstream.dll
0x00007ffd09170000 - 0x00007ffd0930d000 	C:\Xilinx\Vivado\2019.2\lib\win64.o\librdi_board.dll
0x00007ffd33260000 - 0x00007ffd332db000 	C:\Xilinx\Vivado\2019.2\lib\win64.o\librdi_boarddep.dll
0x00007ffd09080000 - 0x00007ffd0916f000 	C:\Xilinx\Vivado\2019.2\lib\win64.o\librdi_chipscope.dll
0x00007ffd04290000 - 0x00007ffd043e2000 	C:\Xilinx\Vivado\2019.2\lib\win64.o\librdi_cd_client.dll
0x00007ffd02480000 - 0x00007ffd027a4000 	C:\Xilinx\Vivado\2019.2\lib\win64.o\librdi_containers.dll
0x00007ffd027b0000 - 0x00007ffd0428a000 	C:\Xilinx\Vivado\2019.2\lib\win64.o\librdi_constraints.dll
0x00007ffcf7d20000 - 0x00007ffcf83f9000 	C:\Xilinx\Vivado\2019.2\lib\win64.o\librdi_coregenipxact.dll
0x00007ffcf8400000 - 0x00007ffcfa3f0000 	C:\Xilinx\Vivado\2019.2\lib\win64.o\librdi_coregen.dll
0x00007ffcdeb50000 - 0x00007ffcdee9a000 	C:\Xilinx\Vivado\2019.2\lib\win64.o\librdi_dlyest.dll
0x00007ffcf3a50000 - 0x00007ffcf7d1b000 	C:\Xilinx\Vivado\2019.2\lib\win64.o\librdi_designutils.dll
0x00007ffd1f270000 - 0x00007ffd1f334000 	C:\Xilinx\Vivado\2019.2\lib\win64.o\librdi_dsp.dll
0x00007ffcde580000 - 0x00007ffcdeb4d000 	C:\Xilinx\Vivado\2019.2\lib\win64.o\librdi_drc.dll
0x00007ffcddc00000 - 0x00007ffcddf10000 	C:\Xilinx\Vivado\2019.2\lib\win64.o\librdi_guitools.dll
0x00007ffcddf10000 - 0x00007ffcde57b000 	C:\Xilinx\Vivado\2019.2\lib\win64.o\librdi_filemgmt.dll
0x00007ffd27930000 - 0x00007ffd2799a000 	C:\Xilinx\Vivado\2019.2\lib\win64.o\librdi_hdf.dll
0x00007ffcdeea0000 - 0x00007ffcf3a4b000 	C:\Xilinx\Vivado\2019.2\lib\win64.o\librdi_device.dll
0x00007ffcdd9e0000 - 0x00007ffcddc00000 	C:\Xilinx\Vivado\2019.2\lib\win64.o\librdi_hip_devdesign.dll
0x00007ffcdd890000 - 0x00007ffcdd9d8000 	C:\Xilinx\Vivado\2019.2\lib\win64.o\librdi_hip_perf_analysis.dll
0x00007ffd1f610000 - 0x00007ffd1f684000 	C:\Xilinx\Vivado\2019.2\lib\win64.o\librdi_memoryarray.dll
0x00007ffcdbae0000 - 0x00007ffcdc111000 	C:\Xilinx\Vivado\2019.2\lib\win64.o\librdi_memdata.dll
0x00007ffcdc120000 - 0x00007ffcdd88d000 	C:\Xilinx\Vivado\2019.2\lib\win64.o\librdi_implflow.dll
0x00007ffcd8620000 - 0x00007ffcd8d03000 	C:\Xilinx\Vivado\2019.2\lib\win64.o\librdi_netlist.dll
0x00007ffd46240000 - 0x00007ffd4628c000 	C:\Xilinx\Vivado\2019.2\lib\win64.o\librdi_pfi.dll
0x00007ffcd5a30000 - 0x00007ffcd5d4b000 	C:\Xilinx\Vivado\2019.2\lib\win64.o\librdi_platform.dll
0x00007ffcd5220000 - 0x00007ffcd5a2b000 	C:\Xilinx\Vivado\2019.2\lib\win64.o\librdi_power.dll
0x00007ffcd5d50000 - 0x00007ffcd8617000 	C:\Xilinx\Vivado\2019.2\lib\win64.o\librdi_place.dll
0x00007ffcd4c60000 - 0x00007ffcd521a000 	C:\Xilinx\Vivado\2019.2\lib\win64.o\librdi_project.dll
0x00007ffcd4520000 - 0x00007ffcd4c53000 	C:\Xilinx\Vivado\2019.2\lib\win64.o\librdi_psta.dll
0x00007ffcd3e50000 - 0x00007ffcd4511000 	C:\Xilinx\Vivado\2019.2\lib\win64.o\librdi_rsb.dll
0x00007ffcd3a20000 - 0x00007ffcd3e43000 	C:\Xilinx\Vivado\2019.2\lib\win64.o\librdi_runs.dll
0x00007ffcd3910000 - 0x00007ffcd3a18000 	C:\Xilinx\Vivado\2019.2\lib\win64.o\librdi_runsbase.dll
0x00007ffcd8d10000 - 0x00007ffcdbadb000 	C:\Xilinx\Vivado\2019.2\lib\win64.o\librdi_mig.dll
0x00007ffcd3690000 - 0x00007ffcd3905000 	C:\Xilinx\Vivado\2019.2\lib\win64.o\librdi_simdata.dll
0x00007ffcd2800000 - 0x00007ffcd368d000 	C:\Xilinx\Vivado\2019.2\lib\win64.o\librdi_timing.dll
0x00007ffcd2650000 - 0x00007ffcd27f1000 	C:\Xilinx\Vivado\2019.2\lib\win64.o\librdi_advchipscopeimpl.dll
0x00007ffcd2490000 - 0x00007ffcd2650000 	C:\Xilinx\Vivado\2019.2\lib\win64.o\librdi_chipscopeimpl.dll
0x00007ffd40f70000 - 0x00007ffd40fbc000 	C:\Xilinx\Vivado\2019.2\lib\win64.o\libboost_serialization.dll
0x00007ffcd22f0000 - 0x00007ffcd2490000 	C:\Xilinx\Vivado\2019.2\lib\win64.o\librdi_cd_protocol.dll
0x00007ffcd2210000 - 0x00007ffcd22e7000 	C:\Xilinx\Vivado\2019.2\lib\win64.o\librdi_ipconfig_readwrite.dll
0x00007ffd3f890000 - 0x00007ffd3f8da000 	C:\Xilinx\Vivado\2019.2\lib\win64.o\librdi_noc_frameworks.dll
0x00007ffd1f110000 - 0x00007ffd1f1ae000 	C:\Xilinx\Vivado\2019.2\lib\win64.o\libise.dll
0x00007ffcd16c0000 - 0x00007ffcd2207000 	C:\Xilinx\Vivado\2019.2\lib\win64.o\libverific.dll
0x00007ffcd14d0000 - 0x00007ffcd16b4000 	C:\Xilinx\Vivado\2019.2\lib\win64.o\librdi_hip_config.dll
0x00007ffcd0f80000 - 0x00007ffcd14ce000 	C:\Xilinx\Vivado\2019.2\lib\win64.o\librdi_xdm.dll

VM Arguments:
jvm_args: -Dsun.java2d.pmoffscreen=false -Dsun.java2d.xrender=false -Dsun.java2d.d3d=false -Dsun.awt.nopixfmt=true -Dsun.java2d.dpiaware=true -Dsun.java2d.uiScale.enabled=false -Xverify:none -Dswing.aatext=true -XX:-UsePerfData -Djdk.map.althashing.threshold=512 -XX:StringTableSize=4072 --add-opens=java.base/java.nio=ALL-UNNAMED --add-opens=java.desktop/sun.swing=ALL-UNNAMED --add-opens=java.desktop/javax.swing=ALL-UNNAMED --add-opens=java.desktop/javax.swing.tree=ALL-UNNAMED --add-opens=java.desktop/javax.swing.plaf.basic=ALL-UNNAMED --add-opens=java.desktop/javax.swing.plaf.synth=ALL-UNNAMED --add-opens=java.desktop/com.sun.awt=ALL-UNNAMED -XX:NewSize=60m -XX:MaxNewSize=60m -Xms128m -Xmx3072m -Xss5m 
java_command: <unknown>
java_class_path (initial): C:/Xilinx/Vivado/2019.2\lib\classes\alloy.jar;C:/Xilinx/Vivado/2019.2\lib\classes\autoesl-common.jar;C:/Xilinx/Vivado/2019.2\lib\classes\autoesl-models.jar;C:/Xilinx/Vivado/2019.2\lib\classes\autoesl-report.jar;C:/Xilinx/Vivado/2019.2\lib\classes\autopilot.scelaborator.jar;C:/Xilinx/Vivado/2019.2\lib\classes\autopilot.sourceprocessor.jar;C:/Xilinx/Vivado/2019.2\lib\classes\autopilot.tbprocessor.jar;C:/Xilinx/Vivado/2019.2\lib\classes\batik-anim.jar;C:/Xilinx/Vivado/2019.2\lib\classes\batik-awt-util.jar;C:/Xilinx/Vivado/2019.2\lib\classes\batik-bridge.jar;C:/Xilinx/Vivado/2019.2\lib\classes\batik-codec.jar;C:/Xilinx/Vivado/2019.2\lib\classes\batik-css.jar;C:/Xilinx/Vivado/2019.2\lib\classes\batik-dom.jar;C:/Xilinx/Vivado/2019.2\lib\classes\batik-ext.jar;C:/Xilinx/Vivado/2019.2\lib\classes\batik-gui-util.jar;C:/Xilinx/Vivado/2019.2\lib\classes\batik-gvt.jar;C:/Xilinx/Vivado/2019.2\lib\classes\batik-parser.jar;C:/Xilinx/Vivado/2019.2\lib\classes\batik-script.jar;C:/Xilinx/Vivado/2019.2\lib\classes\batik-svg-dom.jar;C:/Xilinx/Vivado/2019.2\lib\classes\batik-swing.jar;C:/Xilinx/Vivado/2019.2\lib\classes\batik-transcoder.jar;C:/Xilinx/Vivado/2019.2\lib\classes\batik-util.jar;C:/Xilinx/Vivado/2019.2\lib\classes\batik-xml.jar;C:/Xilinx/Vivado/2019.2\lib\classes\com.google.gson_2.7.0.v20170129-0911.jar;C:/Xilinx/Vivado/2019.2\lib\classes\com.google.guava_21.0.0.v20170206-1425.jar;C:/Xilinx/Vivado/2019.2\lib\classes\com.ibm.icu_4.4.2.v20110208.jar;C:/Xilinx/Vivado/2019.2\lib\classes\com.sigasi.hdt.connection_4.5.0.201909241521.jar;C:/Xilinx/Vivado/2019.2\lib\classes\com.sigasi.hdt.epl_4.5.0.201909241521.jar;C:/Xilinx/Vivado/2019.2\lib\classes\com.sigasi.hdt.project_4.5.0.201909241521.jar;C:/Xilinx/Vivado/2019.2\lib\classes\com.sigasi.hdt.readonlyfilesystem_4.5.0.201909241521.jar;C:/Xilinx/Vivado/2019.2\lib\classes\com.sigasi.lcm_4.5.0.201909241521.jar;C:/Xilinx/Vivado/2019.2\lib\classes\com.sigasi.sdk.client_4.5.0.201909241521.jar;C:/Xilinx/Vivado
Launcher Type: generic

Logging:
Log output configuration:
#0: stdout all=warning uptime,level,tags
#1: stderr all=off uptime,level,tags

Environment Variables:
PATH=C:/Xilinx/Vivado/2019.2/bin;C:/Xilinx/Vivado/2019.2/lib/win64.o;C:/Xilinx/Vivado/2019.2/tps/win64/jre9.0.4/bin/server;C:/Xilinx/Vivado/2019.2/tps/win64/jre9.0.4/bin;C:/Xilinx/Vivado/2019.2/ids_lite/ISE/bin/nt64;C:/Xilinx/Vivado/2019.2/ids_lite/ISE/lib/nt64;C:\Program Files (x86)\Common Files\Oracle\Java\javapath;C:\Windows\system32;C:\Windows;C:\Windows\System32\Wbem;C:\Windows\System32\WindowsPowerShell\v1.0\;C:\Windows\System32\OpenSSH\;D:\Programme\Atmel\bin;C:\Users\vinma\AppData\Local\Microsoft\WindowsApps;C:/Xilinx/Vivado/2019.2\tps\mingw\6.2.0\win64.o\nt\bin;C:/Xilinx/Vivado/2019.2\tps\mingw\6.2.0\win64.o\nt\libexec\gcc\x86_64-w64-mingw32\6.2.0;C:/Xilinx/Vivado/2019.2\tps\win64\python-2.7.5;C:/Xilinx/Vivado/2019.2\tps\win64\python-2.7.5\bin;C:/Xilinx/Vivado/2019.2\tps\win64\python-2.7.5\lib;C:/Xilinx/Vivado/2019.2\tps\win64\python-2.7.5\Lib\lib-tk;C:/Xilinx/Vivado/2019.2\tps\win64\python-2.7.5\lib\site-packages
USERNAME=vinma
OS=Windows_NT
PROCESSOR_IDENTIFIER=Intel64 Family 6 Model 142 Stepping 9, GenuineIntel



---------------  S Y S T E M  ---------------

OS: Windows 10 , 64 bit Build 19041 (10.0.19041.1348)

CPU:total 4 (initial active 4) (2 cores per cpu, 2 threads per core) family 6 model 142 stepping 9, cmov, cx8, fxsr, mmx, sse, sse2, sse3, ssse3, sse4.1, sse4.2, popcnt, avx, avx2, aes, clmul, erms, 3dnowpref, lzcnt, ht, tsc, tscinvbit, bmi1, bmi2, adx, fma

Memory: 4k page, physical 16667856k(6815824k free), swap 19158224k(6595292k free)

vm_info: Java HotSpot(TM) 64-Bit Server VM (9.0.4+11) for windows-amd64 JRE (9.0.4+11), built on Dec 20 2017 02:18:54 by "mach5one" with MS VC++ 12.0 (VS2013)

END.
